#
# There is insufficient memory for the Java Runtime Environment to continue.
# Native memory allocation (malloc) failed to allocate 1048576 bytes. Error detail: AllocateHeap
# Possible reasons:
#   The system is out of physical RAM or swap space
#   This process is running with CompressedOops enabled, and the Java Heap may be blocking the growth of the native heap
# Possible solutions:
#   Reduce memory load on the system
#   Increase physical memory or swap space
#   Check if swap backing store is full
#   Decrease Java heap size (-Xmx/-Xms)
#   Decrease number of Java threads
#   Decrease Java thread stack sizes (-Xss)
#   Set larger code cache with -XX:ReservedCodeCacheSize=
#   JVM is running with Unscaled Compressed Oops mode in which the Java heap is
#     placed in the first 4GB address space. The Java Heap base address is the
#     maximum limit for the native heap growth. Please use -XX:HeapBaseMinAddress
#     to set the Java Heap base and to place the Java Heap above 4GB virtual address.
# This output file may be truncated or incomplete.
#
#  Out of Memory Error (allocation.cpp:44), pid=44416, tid=36144
#
# JRE version: OpenJDK Runtime Environment Temurin-21.0.8+9 (21.0.8+9) (build 21.0.8+9-LTS)
# Java VM: OpenJDK 64-Bit Server VM Temurin-21.0.8+9 (21.0.8+9-LTS, mixed mode, sharing, tiered, compressed oops, compressed class ptrs, parallel gc, windows-amd64)
# No core dump will be written. Minidumps are not enabled by default on client versions of Windows
#

---------------  S U M M A R Y ------------

Command Line: --add-modules=ALL-SYSTEM --add-opens=java.base/java.util=ALL-UNNAMED --add-opens=java.base/java.lang=ALL-UNNAMED --add-opens=java.base/sun.nio.fs=ALL-UNNAMED -Declipse.application=org.eclipse.jdt.ls.core.id1 -Dosgi.bundles.defaultStartLevel=4 -Declipse.product=org.eclipse.jdt.ls.core.product -Djava.import.generatesMetadataFilesAtProjectRoot=false -DDetectVMInstallationsJob.disabled=true -Dfile.encoding=utf8 -XX:+UseParallelGC -XX:GCTimeRatio=4 -XX:AdaptiveSizePolicyWeight=90 -Dsun.zip.disableMemoryMapping=true -Xmx2G -Xms100m -Xlog:disable -javaagent:c:\Users\lenovo\.trae\extensions\redhat.java-1.44.0-win32-x64\lombok\lombok-1.18.39-4050.jar -XX:+HeapDumpOnOutOfMemoryError -XX:HeapDumpPath=c:\Users\lenovo\AppData\Roaming\Trae\User\workspaceStorage\de302e933ad1fd3eddc533ba682f86d7\redhat.java -Daether.dependencyCollector.impl=bf c:\Users\lenovo\.trae\extensions\redhat.java-1.44.0-win32-x64\server\plugins\org.eclipse.equinox.launcher_1.7.0.v20250519-0528.jar -configuration c:\Users\lenovo\AppData\Roaming\Trae\User\globalStorage\redhat.java\1.44.0\config_win -data c:\Users\lenovo\AppData\Roaming\Trae\User\workspaceStorage\de302e933ad1fd3eddc533ba682f86d7\redhat.java\jdt_ws --pipe=\\.\pipe\lsp-e8644815eebe55bce4cbd04c0f2eb8f0-sock

Host: 13th Gen Intel(R) Core(TM) i5-13420H, 12 cores, 15G,  Windows 11 , 64 bit Build 26100 (10.0.26100.4484)
Time: Sun Aug 17 18:37:31 2025 elapsed time: 8489.174021 seconds (0d 2h 21m 29s)

---------------  T H R E A D  ---------------

Current thread (0x000001e580af49d0):  JavaThread "Attach Listener" daemon [_thread_in_vm, id=36144, stack(0x000000babaf00000,0x000000babb000000) (1024K)]

Stack: [0x000000babaf00000,0x000000babb000000]
Native frames: (J=compiled Java code, j=interpreted, Vv=VM code, C=native code)
V  [jvm.dll+0x6d2449]
V  [jvm.dll+0x8ae341]
V  [jvm.dll+0x8b08be]
V  [jvm.dll+0x8b0fa3]
V  [jvm.dll+0x280c96]
V  [jvm.dll+0xc0347]
V  [jvm.dll+0x6d2cf9]
V  [jvm.dll+0x131116]
V  [jvm.dll+0x3f2d16]
V  [jvm.dll+0x857e6b]
V  [jvm.dll+0x6d0b0d]
C  [ucrtbase.dll+0x37b0]
C  [KERNEL32.DLL+0x2e8d7]
C  [ntdll.dll+0x3c34c]


---------------  P R O C E S S  ---------------

Threads class SMR info:
_java_thread_list=0x000001e587c8c000, length=41, elements={
0x000001e527494010, 0x000001e53e8697b0, 0x000001e580aefff0, 0x000001e580af2bf0,
0x000001e580af49d0, 0x000001e580af5420, 0x000001e527513fc0, 0x000001e527517150,
0x000001e580b0fbf0, 0x000001e580bc97f0, 0x000001e580ddb890, 0x000001e58646a210,
0x000001e58693c740, 0x000001e5867ea6e0, 0x000001e58675ca10, 0x000001e5868ca950,
0x000001e5868cbd00, 0x000001e5868cafe0, 0x000001e5868cb670, 0x000001e58802d940,
0x000001e58802e660, 0x000001e58802ecf0, 0x000001e58802d2b0, 0x000001e58802b870,
0x000001e58802dfd0, 0x000001e58802bf00, 0x000001e588032170, 0x000001e58802fa10,
0x000001e588030730, 0x000001e588032800, 0x000001e58802f380, 0x000001e588030dc0,
0x000001e588032e90, 0x000001e5880300a0, 0x000001e588031450, 0x000001e588031ae0,
0x000001e5899bf950, 0x000001e5899c0670, 0x000001e5899c3af0, 0x000001e58adf34b0,
0x000001e58adf0030
}

Java Threads: ( => current thread )
  0x000001e527494010 JavaThread "main"                              [_thread_blocked, id=52348, stack(0x000000baba800000,0x000000baba900000) (1024K)]
  0x000001e53e8697b0 JavaThread "Reference Handler"          daemon [_thread_blocked, id=10200, stack(0x000000babac00000,0x000000babad00000) (1024K)]
  0x000001e580aefff0 JavaThread "Finalizer"                  daemon [_thread_blocked, id=50124, stack(0x000000babad00000,0x000000babae00000) (1024K)]
  0x000001e580af2bf0 JavaThread "Signal Dispatcher"          daemon [_thread_blocked, id=64928, stack(0x000000babae00000,0x000000babaf00000) (1024K)]
=>0x000001e580af49d0 JavaThread "Attach Listener"            daemon [_thread_in_vm, id=36144, stack(0x000000babaf00000,0x000000babb000000) (1024K)]
  0x000001e580af5420 JavaThread "Service Thread"             daemon [_thread_blocked, id=45676, stack(0x000000babb000000,0x000000babb100000) (1024K)]
  0x000001e527513fc0 JavaThread "Monitor Deflation Thread"   daemon [_thread_blocked, id=56272, stack(0x000000babb100000,0x000000babb200000) (1024K)]
  0x000001e527517150 JavaThread "C2 CompilerThread0"         daemon [_thread_blocked, id=31116, stack(0x000000babb200000,0x000000babb300000) (1024K)]
  0x000001e580b0fbf0 JavaThread "C1 CompilerThread0"         daemon [_thread_blocked, id=61568, stack(0x000000babb300000,0x000000babb400000) (1024K)]
  0x000001e580bc97f0 JavaThread "Common-Cleaner"             daemon [_thread_blocked, id=56200, stack(0x000000babb400000,0x000000babb500000) (1024K)]
  0x000001e580ddb890 JavaThread "Notification Thread"        daemon [_thread_blocked, id=54832, stack(0x000000babb500000,0x000000babb600000) (1024K)]
  0x000001e58646a210 JavaThread "Active Thread: Equinox Container: 574d54d3-31a0-469c-a051-8b8da47049cf"        [_thread_blocked, id=30196, stack(0x000000babb600000,0x000000babb700000) (1024K)]
  0x000001e58693c740 JavaThread "Refresh Thread: Equinox Container: 574d54d3-31a0-469c-a051-8b8da47049cf" daemon [_thread_blocked, id=66400, stack(0x000000babbd00000,0x000000babbe00000) (1024K)]
  0x000001e5867ea6e0 JavaThread "Framework Event Dispatcher: Equinox Container: 574d54d3-31a0-469c-a051-8b8da47049cf" daemon [_thread_blocked, id=66236, stack(0x000000babbf00000,0x000000babc000000) (1024K)]
  0x000001e58675ca10 JavaThread "Start Level: Equinox Container: 574d54d3-31a0-469c-a051-8b8da47049cf" daemon [_thread_blocked, id=42896, stack(0x000000babc000000,0x000000babc100000) (1024K)]
  0x000001e5868ca950 JavaThread "Bundle File Closer"         daemon [_thread_blocked, id=63660, stack(0x000000babc500000,0x000000babc600000) (1024K)]
  0x000001e5868cbd00 JavaThread "SCR Component Actor"        daemon [_thread_blocked, id=53260, stack(0x000000babc600000,0x000000babc700000) (1024K)]
  0x000001e5868cafe0 JavaThread "Worker-JM"                         [_thread_blocked, id=18176, stack(0x000000babc100000,0x000000babc200000) (1024K)]
  0x000001e5868cb670 JavaThread "JNA Cleaner"                daemon [_thread_blocked, id=67136, stack(0x000000babc200000,0x000000babc300000) (1024K)]
  0x000001e58802d940 JavaThread "Java indexing"              daemon [_thread_blocked, id=16564, stack(0x000000babce00000,0x000000babcf00000) (1024K)]
  0x000001e58802e660 JavaThread "Worker-5"                          [_thread_blocked, id=67432, stack(0x000000babd200000,0x000000babd300000) (1024K)]
  0x000001e58802ecf0 JavaThread "Thread-3"                   daemon [_thread_in_native, id=5796, stack(0x000000babd300000,0x000000babd400000) (1024K)]
  0x000001e58802d2b0 JavaThread "Thread-4"                   daemon [_thread_in_native, id=49568, stack(0x000000babd400000,0x000000babd500000) (1024K)]
  0x000001e58802b870 JavaThread "Thread-5"                   daemon [_thread_in_native, id=26052, stack(0x000000babd500000,0x000000babd600000) (1024K)]
  0x000001e58802dfd0 JavaThread "Thread-6"                   daemon [_thread_in_native, id=46344, stack(0x000000babd600000,0x000000babd700000) (1024K)]
  0x000001e58802bf00 JavaThread "Thread-7"                   daemon [_thread_in_native, id=57300, stack(0x000000babd700000,0x000000babd800000) (1024K)]
  0x000001e588032170 JavaThread "Thread-8"                   daemon [_thread_in_native, id=27420, stack(0x000000babd800000,0x000000babd900000) (1024K)]
  0x000001e58802fa10 JavaThread "Thread-9"                   daemon [_thread_in_native, id=65808, stack(0x000000babd900000,0x000000babda00000) (1024K)]
  0x000001e588030730 JavaThread "Thread-10"                  daemon [_thread_in_native, id=20316, stack(0x000000babda00000,0x000000babdb00000) (1024K)]
  0x000001e588032800 JavaThread "Thread-11"                  daemon [_thread_in_native, id=45468, stack(0x000000babdb00000,0x000000babdc00000) (1024K)]
  0x000001e58802f380 JavaThread "Thread-12"                  daemon [_thread_in_native, id=32108, stack(0x000000babdc00000,0x000000babdd00000) (1024K)]
  0x000001e588030dc0 JavaThread "Thread-13"                  daemon [_thread_in_native, id=62000, stack(0x000000babdd00000,0x000000babde00000) (1024K)]
  0x000001e588032e90 JavaThread "Thread-14"                  daemon [_thread_in_native, id=54156, stack(0x000000babde00000,0x000000babdf00000) (1024K)]
  0x000001e5880300a0 JavaThread "Thread-15"                  daemon [_thread_in_native, id=46524, stack(0x000000babdf00000,0x000000babe000000) (1024K)]
  0x000001e588031450 JavaThread "pool-2-thread-1"                   [_thread_blocked, id=36448, stack(0x000000babe000000,0x000000babe100000) (1024K)]
  0x000001e588031ae0 JavaThread "WorkspaceEventsHandler"            [_thread_blocked, id=7076, stack(0x000000babe200000,0x000000babe300000) (1024K)]
  0x000001e5899bf950 JavaThread "pool-1-thread-1"                   [_thread_blocked, id=51348, stack(0x000000babe300000,0x000000babe400000) (1024K)]
  0x000001e5899c0670 JavaThread "Timer-0"                           [_thread_blocked, id=16304, stack(0x000000babe400000,0x000000babe500000) (1024K)]
  0x000001e5899c3af0 JavaThread "Timer-1"                           [_thread_blocked, id=38292, stack(0x000000babe500000,0x000000babe600000) (1024K)]
  0x000001e58adf34b0 JavaThread "Timer-2"                           [_thread_blocked, id=40208, stack(0x000000babed00000,0x000000babee00000) (1024K)]
  0x000001e58adf0030 JavaThread "Worker-8"                          [_thread_blocked, id=43256, stack(0x000000babc800000,0x000000babc900000) (1024K)]
Total: 41

Other Threads:
  0x000001e580ae2960 VMThread "VM Thread"                           [id=14060, stack(0x000000babab00000,0x000000babac00000) (1024K)]
  0x000001e53e74ca00 WatcherThread "VM Periodic Task Thread"        [id=57604, stack(0x000000babaa00000,0x000000babab00000) (1024K)]
  0x000001e5274b2510 WorkerThread "GC Thread#0"                     [id=62368, stack(0x000000baba900000,0x000000babaa00000) (1024K)]
  0x000001e5864ca150 WorkerThread "GC Thread#1"                     [id=43924, stack(0x000000babb700000,0x000000babb800000) (1024K)]
  0x000001e5864dc500 WorkerThread "GC Thread#2"                     [id=61532, stack(0x000000babb800000,0x000000babb900000) (1024K)]
  0x000001e5864e1930 WorkerThread "GC Thread#3"                     [id=64948, stack(0x000000babb900000,0x000000babba00000) (1024K)]
  0x000001e5864e1cd0 WorkerThread "GC Thread#4"                     [id=24076, stack(0x000000babba00000,0x000000babbb00000) (1024K)]
  0x000001e58663c010 WorkerThread "GC Thread#5"                     [id=49044, stack(0x000000babbb00000,0x000000babbc00000) (1024K)]
  0x000001e5862f4fd0 WorkerThread "GC Thread#6"                     [id=67648, stack(0x000000babbc00000,0x000000babbd00000) (1024K)]
  0x000001e5867b78b0 WorkerThread "GC Thread#7"                     [id=55820, stack(0x000000babbe00000,0x000000babbf00000) (1024K)]
  0x000001e586d90a30 WorkerThread "GC Thread#8"                     [id=25040, stack(0x000000babc300000,0x000000babc400000) (1024K)]
  0x000001e5869aae70 WorkerThread "GC Thread#9"                     [id=52128, stack(0x000000babc400000,0x000000babc500000) (1024K)]
Total: 12

Threads with active compile tasks:
Total: 0

VM state: not at safepoint (normal execution)

VM Mutex/Monitor currently owned by a thread: None

Heap address: 0x0000000080000000, size: 2048 MB, Compressed Oops mode: 32-bit

CDS archive(s) mapped at: [0x000001e53f000000-0x000001e53fba0000-0x000001e53fba0000), size 12189696, SharedBaseAddress: 0x000001e53f000000, ArchiveRelocationMode: 1.
Compressed class space mapped at: 0x000001e540000000-0x000001e580000000, reserved size: 1073741824
Narrow klass base: 0x000001e53f000000, Narrow klass shift: 0, Narrow klass range: 0x100000000

GC Precious Log:
 CardTable entry size: 512
 CPUs: 12 total, 12 available
 Memory: 16044M
 Large Page Support: Disabled
 NUMA Support: Disabled
 Compressed Oops: Enabled (32-bit)
 Alignments: Space 512K, Generation 512K, Heap 2M
 Heap Min Capacity: 100M
 Heap Initial Capacity: 100M
 Heap Max Capacity: 2G
 Pre-touch: Disabled
 Parallel Workers: 10

Heap:
 PSYoungGen      total 3584K, used 1785K [0x00000000d5580000, 0x00000000d5a00000, 0x0000000100000000)
  eden space 2560K, 40% used [0x00000000d5580000,0x00000000d5686558,0x00000000d5800000)
  from space 1024K, 71% used [0x00000000d5900000,0x00000000d59b8000,0x00000000d5a00000)
  to   space 1024K, 0% used [0x00000000d5800000,0x00000000d5800000,0x00000000d5900000)
 ParOldGen       total 520192K, used 519778K [0x0000000080000000, 0x000000009fc00000, 0x00000000d5580000)
  object space 520192K, 99% used [0x0000000080000000,0x000000009fb988c8,0x000000009fc00000)
 Metaspace       used 90424K, committed 92096K, reserved 1179648K
  class space    used 11193K, committed 11968K, reserved 1048576K

Card table byte_map: [0x000001e539bb0000,0x000001e539fc0000] _byte_map_base: 0x000001e5397b0000

Marking Bits: (ParMarkBitMap*) 0x00007ffe921aa340
 Begin Bits: [0x000001e53a270000, 0x000001e53c270000)
 End Bits:   [0x000001e53c270000, 0x000001e53e270000)

Polling page: 0x000001e525f50000

Metaspace:

Usage:
  Non-class:     77.37 MB used.
      Class:     10.93 MB used.
       Both:     88.30 MB used.

Virtual space:
  Non-class space:      128.00 MB reserved,      78.25 MB ( 61%) committed,  2 nodes.
      Class space:        1.00 GB reserved,      11.69 MB (  1%) committed,  1 nodes.
             Both:        1.12 GB reserved,      89.94 MB (  8%) committed. 

Chunk freelists:
   Non-Class:  832.00 KB
       Class:  4.37 MB
        Both:  5.18 MB

MaxMetaspaceSize: unlimited
CompressedClassSpaceSize: 1.00 GB
Initial GC threshold: 21.00 MB
Current GC threshold: 97.31 MB
CDS: on
 - commit_granule_bytes: 65536.
 - commit_granule_words: 8192.
 - virtual_space_node_default_size: 8388608.
 - enlarge_chunks_in_place: 1.
 - use_allocation_guard: 0.


Internal statistics:

num_allocs_failed_limit: 9.
num_arena_births: 1552.
num_arena_deaths: 14.
num_vsnodes_births: 3.
num_vsnodes_deaths: 0.
num_space_committed: 1438.
num_space_uncommitted: 0.
num_chunks_returned_to_freelist: 23.
num_chunks_taken_from_freelist: 5430.
num_chunk_merges: 12.
num_chunk_splits: 3506.
num_chunks_enlarged: 2200.
num_inconsistent_stats: 0.

CodeHeap 'non-profiled nmethods': size=120000Kb used=11381Kb max_used=11381Kb free=108618Kb
 bounds [0x000001e5324a0000, 0x000001e532fc0000, 0x000001e5399d0000]
CodeHeap 'profiled nmethods': size=120000Kb used=24632Kb max_used=24632Kb free=95367Kb
 bounds [0x000001e52a9d0000, 0x000001e52c1e0000, 0x000001e531f00000]
CodeHeap 'non-nmethods': size=5760Kb used=1495Kb max_used=1560Kb free=4265Kb
 bounds [0x000001e531f00000, 0x000001e532170000, 0x000001e5324a0000]
CodeCache: size=245760Kb, used=37508Kb, max_used=37573Kb, free=208250Kb
 total_blobs=12406, nmethods=11588, adapters=723, full_count=0
Compilation: enabled, stopped_count=0, restarted_count=0

Compilation events (20 events):
Event: 8369.426 Thread 0x000001e580b0fbf0 nmethod 12436 0x000001e52c1dc710 code [0x000001e52c1dc8c0, 0x000001e52c1dca38]
Event: 8369.426 Thread 0x000001e580b0fbf0 12426       1       org.eclipse.jdt.internal.compiler.problem.ProblemHandler::resumeTempErrorHandlingPolicy (6 bytes)
Event: 8369.426 Thread 0x000001e580b0fbf0 nmethod 12426 0x000001e532fb8d90 code [0x000001e532fb8f20, 0x000001e532fb9000]
Event: 8369.426 Thread 0x000001e580b0fbf0 12428       1       org.eclipse.jdt.internal.compiler.lookup.BaseTypeBinding::kind (4 bytes)
Event: 8369.426 Thread 0x000001e580b0fbf0 nmethod 12428 0x000001e532fb9090 code [0x000001e532fb9220, 0x000001e532fb92e8]
Event: 8369.426 Thread 0x000001e580b0fbf0 12390       1       lombok.eclipse.HandlerLibrary$VisitorContainer::deferUntilPostDiet (5 bytes)
Event: 8369.426 Thread 0x000001e580b0fbf0 nmethod 12390 0x000001e532fb9390 code [0x000001e532fb9520, 0x000001e532fb95f0]
Event: 8369.429 Thread 0x000001e527517150 nmethod 12420 0x000001e532fb9690 code [0x000001e532fb9880, 0x000001e532fb9dc8]
Event: 8369.429 Thread 0x000001e527517150 12437       4       org.eclipse.jdt.internal.compiler.problem.ProblemReporter::getIrritant (2802 bytes)
Event: 8369.430 Thread 0x000001e580b0fbf0 12438       3       java.lang.StackTraceElement::of (39 bytes)
Event: 8369.430 Thread 0x000001e580b0fbf0 nmethod 12438 0x000001e52c1dcb10 code [0x000001e52c1dcd00, 0x000001e52c1dd228]
Event: 8369.430 Thread 0x000001e580b0fbf0 12440       3       java.lang.StackTraceElement::of (30 bytes)
Event: 8369.431 Thread 0x000001e580b0fbf0 nmethod 12440 0x000001e52c1dd410 code [0x000001e52c1dd5c0, 0x000001e52c1dd7b0]
Event: 8369.434 Thread 0x000001e580b0fbf0 12441       3       java.util.Calendar::setFieldsComputed (118 bytes)
Event: 8369.435 Thread 0x000001e580b0fbf0 nmethod 12441 0x000001e52c1dd910 code [0x000001e52c1ddb00, 0x000001e52c1ddf48]
Event: 8369.435 Thread 0x000001e580b0fbf0 12442       1       org.eclipse.osgi.framework.log.FrameworkLogEntry::getContext (5 bytes)
Event: 8369.435 Thread 0x000001e580b0fbf0 nmethod 12442 0x000001e532fbaa10 code [0x000001e532fbaba0, 0x000001e532fbac68]
Event: 8369.435 Thread 0x000001e527517150 nmethod 12437 0x000001e532fbad10 code [0x000001e532fbaf60, 0x000001e532fbba30]
Event: 8474.857 Thread 0x000001e527517150 12444 % !   4       java.util.TimerThread::mainLoop @ 0 (232 bytes)
Event: 8474.894 Thread 0x000001e527517150 nmethod 12444% 0x000001e532fbbe10 code [0x000001e532fbc060, 0x000001e532fbcb60]

GC Heap History (20 events):
Event: 8352.583 GC heap before
{Heap before GC invocations=1178 (full 3):
 PSYoungGen      total 3072K, used 2912K [0x00000000d5580000, 0x00000000d5980000, 0x0000000100000000)
  eden space 2560K, 100% used [0x00000000d5580000,0x00000000d5800000,0x00000000d5800000)
  from space 512K, 68% used [0x00000000d5900000,0x00000000d5958000,0x00000000d5980000)
  to   space 512K, 0% used [0x00000000d5880000,0x00000000d5880000,0x00000000d5900000)
 ParOldGen       total 517632K, used 517611K [0x0000000080000000, 0x000000009f980000, 0x00000000d5580000)
  object space 517632K, 99% used [0x0000000080000000,0x000000009f97ae58,0x000000009f980000)
 Metaspace       used 90144K, committed 91776K, reserved 1179648K
  class space    used 11187K, committed 11904K, reserved 1048576K
}
Event: 8352.587 GC heap after
{Heap after GC invocations=1178 (full 3):
 PSYoungGen      total 3072K, used 480K [0x00000000d5580000, 0x00000000d5a00000, 0x0000000100000000)
  eden space 2560K, 0% used [0x00000000d5580000,0x00000000d5580000,0x00000000d5800000)
  from space 512K, 93% used [0x00000000d5880000,0x00000000d58f8020,0x00000000d5900000)
  to   space 1024K, 0% used [0x00000000d5900000,0x00000000d5900000,0x00000000d5a00000)
 ParOldGen       total 518144K, used 517771K [0x0000000080000000, 0x000000009fa00000, 0x00000000d5580000)
  object space 518144K, 99% used [0x0000000080000000,0x000000009f9a2e68,0x000000009fa00000)
 Metaspace       used 90144K, committed 91776K, reserved 1179648K
  class space    used 11187K, committed 11904K, reserved 1048576K
}
Event: 8352.622 GC heap before
{Heap before GC invocations=1179 (full 3):
 PSYoungGen      total 3072K, used 3040K [0x00000000d5580000, 0x00000000d5a00000, 0x0000000100000000)
  eden space 2560K, 100% used [0x00000000d5580000,0x00000000d5800000,0x00000000d5800000)
  from space 512K, 93% used [0x00000000d5880000,0x00000000d58f8020,0x00000000d5900000)
  to   space 1024K, 0% used [0x00000000d5900000,0x00000000d5900000,0x00000000d5a00000)
 ParOldGen       total 518144K, used 517771K [0x0000000080000000, 0x000000009fa00000, 0x00000000d5580000)
  object space 518144K, 99% used [0x0000000080000000,0x000000009f9a2e68,0x000000009fa00000)
 Metaspace       used 90163K, committed 91776K, reserved 1179648K
  class space    used 11187K, committed 11904K, reserved 1048576K
}
Event: 8352.624 GC heap after
{Heap after GC invocations=1179 (full 3):
 PSYoungGen      total 3584K, used 704K [0x00000000d5580000, 0x00000000d5a00000, 0x0000000100000000)
  eden space 2560K, 0% used [0x00000000d5580000,0x00000000d5580000,0x00000000d5800000)
  from space 1024K, 68% used [0x00000000d5900000,0x00000000d59b0040,0x00000000d5a00000)
  to   space 1024K, 0% used [0x00000000d5800000,0x00000000d5800000,0x00000000d5900000)
 ParOldGen       total 518144K, used 518135K [0x0000000080000000, 0x000000009fa00000, 0x00000000d5580000)
  object space 518144K, 99% used [0x0000000080000000,0x000000009f9fdfb8,0x000000009fa00000)
 Metaspace       used 90163K, committed 91776K, reserved 1179648K
  class space    used 11187K, committed 11904K, reserved 1048576K
}
Event: 8352.811 GC heap before
{Heap before GC invocations=1180 (full 3):
 PSYoungGen      total 3584K, used 3264K [0x00000000d5580000, 0x00000000d5a00000, 0x0000000100000000)
  eden space 2560K, 100% used [0x00000000d5580000,0x00000000d5800000,0x00000000d5800000)
  from space 1024K, 68% used [0x00000000d5900000,0x00000000d59b0040,0x00000000d5a00000)
  to   space 1024K, 0% used [0x00000000d5800000,0x00000000d5800000,0x00000000d5900000)
 ParOldGen       total 518144K, used 518135K [0x0000000080000000, 0x000000009fa00000, 0x00000000d5580000)
  object space 518144K, 99% used [0x0000000080000000,0x000000009f9fdfb8,0x000000009fa00000)
 Metaspace       used 90175K, committed 91776K, reserved 1179648K
  class space    used 11188K, committed 11904K, reserved 1048576K
}
Event: 8352.813 GC heap after
{Heap after GC invocations=1180 (full 3):
 PSYoungGen      total 3584K, used 416K [0x00000000d5580000, 0x00000000d5a00000, 0x0000000100000000)
  eden space 2560K, 0% used [0x00000000d5580000,0x00000000d5580000,0x00000000d5800000)
  from space 1024K, 40% used [0x00000000d5800000,0x00000000d5868000,0x00000000d5900000)
  to   space 1024K, 0% used [0x00000000d5900000,0x00000000d5900000,0x00000000d5a00000)
 ParOldGen       total 518656K, used 518565K [0x0000000080000000, 0x000000009fa80000, 0x00000000d5580000)
  object space 518656K, 99% used [0x0000000080000000,0x000000009fa695f8,0x000000009fa80000)
 Metaspace       used 90175K, committed 91776K, reserved 1179648K
  class space    used 11188K, committed 11904K, reserved 1048576K
}
Event: 8353.243 GC heap before
{Heap before GC invocations=1181 (full 3):
 PSYoungGen      total 3584K, used 2975K [0x00000000d5580000, 0x00000000d5a00000, 0x0000000100000000)
  eden space 2560K, 99% used [0x00000000d5580000,0x00000000d57ffeb8,0x00000000d5800000)
  from space 1024K, 40% used [0x00000000d5800000,0x00000000d5868000,0x00000000d5900000)
  to   space 1024K, 0% used [0x00000000d5900000,0x00000000d5900000,0x00000000d5a00000)
 ParOldGen       total 518656K, used 518565K [0x0000000080000000, 0x000000009fa80000, 0x00000000d5580000)
  object space 518656K, 99% used [0x0000000080000000,0x000000009fa695f8,0x000000009fa80000)
 Metaspace       used 90226K, committed 91840K, reserved 1179648K
  class space    used 11189K, committed 11904K, reserved 1048576K
}
Event: 8353.247 GC heap after
{Heap after GC invocations=1181 (full 3):
 PSYoungGen      total 3584K, used 752K [0x00000000d5580000, 0x00000000d5a00000, 0x0000000100000000)
  eden space 2560K, 0% used [0x00000000d5580000,0x00000000d5580000,0x00000000d5800000)
  from space 1024K, 73% used [0x00000000d5900000,0x00000000d59bc010,0x00000000d5a00000)
  to   space 1024K, 0% used [0x00000000d5800000,0x00000000d5800000,0x00000000d5900000)
 ParOldGen       total 519168K, used 518693K [0x0000000080000000, 0x000000009fb00000, 0x00000000d5580000)
  object space 519168K, 99% used [0x0000000080000000,0x000000009fa895f8,0x000000009fb00000)
 Metaspace       used 90226K, committed 91840K, reserved 1179648K
  class space    used 11189K, committed 11904K, reserved 1048576K
}
Event: 8368.690 GC heap before
{Heap before GC invocations=1182 (full 3):
 PSYoungGen      total 3584K, used 3312K [0x00000000d5580000, 0x00000000d5a00000, 0x0000000100000000)
  eden space 2560K, 100% used [0x00000000d5580000,0x00000000d5800000,0x00000000d5800000)
  from space 1024K, 73% used [0x00000000d5900000,0x00000000d59bc010,0x00000000d5a00000)
  to   space 1024K, 0% used [0x00000000d5800000,0x00000000d5800000,0x00000000d5900000)
 ParOldGen       total 519168K, used 518693K [0x0000000080000000, 0x000000009fb00000, 0x00000000d5580000)
  object space 519168K, 99% used [0x0000000080000000,0x000000009fa895f8,0x000000009fb00000)
 Metaspace       used 90259K, committed 91968K, reserved 1179648K
  class space    used 11192K, committed 11968K, reserved 1048576K
}
Event: 8368.692 GC heap after
{Heap after GC invocations=1182 (full 3):
 PSYoungGen      total 3584K, used 256K [0x00000000d5580000, 0x00000000d5980000, 0x0000000100000000)
  eden space 2560K, 0% used [0x00000000d5580000,0x00000000d5580000,0x00000000d5800000)
  from space 1024K, 25% used [0x00000000d5800000,0x00000000d5840000,0x00000000d5900000)
  to   space 512K, 0% used [0x00000000d5900000,0x00000000d5900000,0x00000000d5980000)
 ParOldGen       total 519168K, used 518757K [0x0000000080000000, 0x000000009fb00000, 0x00000000d5580000)
  object space 519168K, 99% used [0x0000000080000000,0x000000009fa995f8,0x000000009fb00000)
 Metaspace       used 90259K, committed 91968K, reserved 1179648K
  class space    used 11192K, committed 11968K, reserved 1048576K
}
Event: 8368.747 GC heap before
{Heap before GC invocations=1183 (full 3):
 PSYoungGen      total 3584K, used 2816K [0x00000000d5580000, 0x00000000d5980000, 0x0000000100000000)
  eden space 2560K, 100% used [0x00000000d5580000,0x00000000d5800000,0x00000000d5800000)
  from space 1024K, 25% used [0x00000000d5800000,0x00000000d5840000,0x00000000d5900000)
  to   space 512K, 0% used [0x00000000d5900000,0x00000000d5900000,0x00000000d5980000)
 ParOldGen       total 519168K, used 518757K [0x0000000080000000, 0x000000009fb00000, 0x00000000d5580000)
  object space 519168K, 99% used [0x0000000080000000,0x000000009fa995f8,0x000000009fb00000)
 Metaspace       used 90271K, committed 91968K, reserved 1179648K
  class space    used 11192K, committed 11968K, reserved 1048576K
}
Event: 8368.749 GC heap after
{Heap after GC invocations=1183 (full 3):
 PSYoungGen      total 3072K, used 512K [0x00000000d5580000, 0x00000000d5a00000, 0x0000000100000000)
  eden space 2560K, 0% used [0x00000000d5580000,0x00000000d5580000,0x00000000d5800000)
  from space 512K, 100% used [0x00000000d5900000,0x00000000d5980000,0x00000000d5980000)
  to   space 1024K, 0% used [0x00000000d5800000,0x00000000d5800000,0x00000000d5900000)
 ParOldGen       total 519168K, used 518805K [0x0000000080000000, 0x000000009fb00000, 0x00000000d5580000)
  object space 519168K, 99% used [0x0000000080000000,0x000000009faa55f8,0x000000009fb00000)
 Metaspace       used 90271K, committed 91968K, reserved 1179648K
  class space    used 11192K, committed 11968K, reserved 1048576K
}
Event: 8368.844 GC heap before
{Heap before GC invocations=1184 (full 3):
 PSYoungGen      total 3072K, used 3068K [0x00000000d5580000, 0x00000000d5a00000, 0x0000000100000000)
  eden space 2560K, 99% used [0x00000000d5580000,0x00000000d57ff0f8,0x00000000d5800000)
  from space 512K, 100% used [0x00000000d5900000,0x00000000d5980000,0x00000000d5980000)
  to   space 1024K, 0% used [0x00000000d5800000,0x00000000d5800000,0x00000000d5900000)
 ParOldGen       total 519168K, used 518805K [0x0000000080000000, 0x000000009fb00000, 0x00000000d5580000)
  object space 519168K, 99% used [0x0000000080000000,0x000000009faa55f8,0x000000009fb00000)
 Metaspace       used 90321K, committed 92032K, reserved 1179648K
  class space    used 11192K, committed 11968K, reserved 1048576K
}
Event: 8368.846 GC heap after
{Heap after GC invocations=1184 (full 3):
 PSYoungGen      total 3584K, used 288K [0x00000000d5580000, 0x00000000d5980000, 0x0000000100000000)
  eden space 2560K, 0% used [0x00000000d5580000,0x00000000d5580000,0x00000000d5800000)
  from space 1024K, 28% used [0x00000000d5800000,0x00000000d5848000,0x00000000d5900000)
  to   space 512K, 0% used [0x00000000d5900000,0x00000000d5900000,0x00000000d5980000)
 ParOldGen       total 519168K, used 518861K [0x0000000080000000, 0x000000009fb00000, 0x00000000d5580000)
  object space 519168K, 99% used [0x0000000080000000,0x000000009fab35f8,0x000000009fb00000)
 Metaspace       used 90321K, committed 92032K, reserved 1179648K
  class space    used 11192K, committed 11968K, reserved 1048576K
}
Event: 8368.882 GC heap before
{Heap before GC invocations=1185 (full 3):
 PSYoungGen      total 3584K, used 2848K [0x00000000d5580000, 0x00000000d5980000, 0x0000000100000000)
  eden space 2560K, 100% used [0x00000000d5580000,0x00000000d5800000,0x00000000d5800000)
  from space 1024K, 28% used [0x00000000d5800000,0x00000000d5848000,0x00000000d5900000)
  to   space 512K, 0% used [0x00000000d5900000,0x00000000d5900000,0x00000000d5980000)
 ParOldGen       total 519168K, used 518861K [0x0000000080000000, 0x000000009fb00000, 0x00000000d5580000)
  object space 519168K, 99% used [0x0000000080000000,0x000000009fab35f8,0x000000009fb00000)
 Metaspace       used 90346K, committed 92032K, reserved 1179648K
  class space    used 11193K, committed 11968K, reserved 1048576K
}
Event: 8368.883 GC heap after
{Heap after GC invocations=1185 (full 3):
 PSYoungGen      total 3072K, used 496K [0x00000000d5580000, 0x00000000d5a00000, 0x0000000100000000)
  eden space 2560K, 0% used [0x00000000d5580000,0x00000000d5580000,0x00000000d5800000)
  from space 512K, 96% used [0x00000000d5900000,0x00000000d597c010,0x00000000d5980000)
  to   space 1024K, 0% used [0x00000000d5800000,0x00000000d5800000,0x00000000d5900000)
 ParOldGen       total 519168K, used 519165K [0x0000000080000000, 0x000000009fb00000, 0x00000000d5580000)
  object space 519168K, 99% used [0x0000000080000000,0x000000009faff788,0x000000009fb00000)
 Metaspace       used 90346K, committed 92032K, reserved 1179648K
  class space    used 11193K, committed 11968K, reserved 1048576K
}
Event: 8369.387 GC heap before
{Heap before GC invocations=1186 (full 3):
 PSYoungGen      total 3072K, used 3056K [0x00000000d5580000, 0x00000000d5a00000, 0x0000000100000000)
  eden space 2560K, 99% used [0x00000000d5580000,0x00000000d57ffff8,0x00000000d5800000)
  from space 512K, 96% used [0x00000000d5900000,0x00000000d597c010,0x00000000d5980000)
  to   space 1024K, 0% used [0x00000000d5800000,0x00000000d5800000,0x00000000d5900000)
 ParOldGen       total 519168K, used 519165K [0x0000000080000000, 0x000000009fb00000, 0x00000000d5580000)
  object space 519168K, 99% used [0x0000000080000000,0x000000009faff788,0x000000009fb00000)
 Metaspace       used 90390K, committed 92096K, reserved 1179648K
  class space    used 11193K, committed 11968K, reserved 1048576K
}
Event: 8369.389 GC heap after
{Heap after GC invocations=1186 (full 3):
 PSYoungGen      total 3584K, used 704K [0x00000000d5580000, 0x00000000d5a00000, 0x0000000100000000)
  eden space 2560K, 0% used [0x00000000d5580000,0x00000000d5580000,0x00000000d5800000)
  from space 1024K, 68% used [0x00000000d5800000,0x00000000d58b0000,0x00000000d5900000)
  to   space 1024K, 0% used [0x00000000d5900000,0x00000000d5900000,0x00000000d5a00000)
 ParOldGen       total 519680K, used 519666K [0x0000000080000000, 0x000000009fb80000, 0x00000000d5580000)
  object space 519680K, 99% used [0x0000000080000000,0x000000009fb7c8c8,0x000000009fb80000)
 Metaspace       used 90390K, committed 92096K, reserved 1179648K
  class space    used 11193K, committed 11968K, reserved 1048576K
}
Event: 8369.419 GC heap before
{Heap before GC invocations=1187 (full 3):
 PSYoungGen      total 3584K, used 3264K [0x00000000d5580000, 0x00000000d5a00000, 0x0000000100000000)
  eden space 2560K, 100% used [0x00000000d5580000,0x00000000d5800000,0x00000000d5800000)
  from space 1024K, 68% used [0x00000000d5800000,0x00000000d58b0000,0x00000000d5900000)
  to   space 1024K, 0% used [0x00000000d5900000,0x00000000d5900000,0x00000000d5a00000)
 ParOldGen       total 519680K, used 519666K [0x0000000080000000, 0x000000009fb80000, 0x00000000d5580000)
  object space 519680K, 99% used [0x0000000080000000,0x000000009fb7c8c8,0x000000009fb80000)
 Metaspace       used 90413K, committed 92096K, reserved 1179648K
  class space    used 11193K, committed 11968K, reserved 1048576K
}
Event: 8369.421 GC heap after
{Heap after GC invocations=1187 (full 3):
 PSYoungGen      total 3584K, used 736K [0x00000000d5580000, 0x00000000d5a00000, 0x0000000100000000)
  eden space 2560K, 0% used [0x00000000d5580000,0x00000000d5580000,0x00000000d5800000)
  from space 1024K, 71% used [0x00000000d5900000,0x00000000d59b8000,0x00000000d5a00000)
  to   space 1024K, 0% used [0x00000000d5800000,0x00000000d5800000,0x00000000d5900000)
 ParOldGen       total 520192K, used 519778K [0x0000000080000000, 0x000000009fc00000, 0x00000000d5580000)
  object space 520192K, 99% used [0x0000000080000000,0x000000009fb988c8,0x000000009fc00000)
 Metaspace       used 90413K, committed 92096K, reserved 1179648K
  class space    used 11193K, committed 11968K, reserved 1048576K
}

Dll operation events (16 events):
Event: 0.055 Loaded shared library c:\Users\lenovo\.trae\extensions\redhat.java-1.44.0-win32-x64\jre\21.0.8-win32-x86_64\bin\java.dll
Event: 0.113 Loaded shared library c:\Users\lenovo\.trae\extensions\redhat.java-1.44.0-win32-x64\jre\21.0.8-win32-x86_64\bin\zip.dll
Event: 0.277 Loaded shared library C:\Users\lenovo\.trae\extensions\redhat.java-1.44.0-win32-x64\jre\21.0.8-win32-x86_64\bin\instrument.dll
Event: 0.294 Loaded shared library C:\Users\lenovo\.trae\extensions\redhat.java-1.44.0-win32-x64\jre\21.0.8-win32-x86_64\bin\net.dll
Event: 0.307 Loaded shared library C:\Users\lenovo\.trae\extensions\redhat.java-1.44.0-win32-x64\jre\21.0.8-win32-x86_64\bin\nio.dll
Event: 0.319 Loaded shared library C:\Users\lenovo\.trae\extensions\redhat.java-1.44.0-win32-x64\jre\21.0.8-win32-x86_64\bin\zip.dll
Event: 0.358 Loaded shared library C:\Users\lenovo\.trae\extensions\redhat.java-1.44.0-win32-x64\jre\21.0.8-win32-x86_64\bin\jimage.dll
Event: 0.583 Loaded shared library c:\Users\lenovo\.trae\extensions\redhat.java-1.44.0-win32-x64\jre\21.0.8-win32-x86_64\bin\verify.dll
Event: 4.066 Loaded shared library C:\Users\lenovo\AppData\Roaming\Trae\User\globalStorage\redhat.java\1.44.0\config_win\org.eclipse.equinox.launcher\org.eclipse.equinox.launcher.win32.win32.x86_64_1.2.1400.v20250730-1736\eclipse_11913.dll
Event: 14.500 Loaded shared library C:\Users\lenovo\AppData\Local\Temp\jna--1106355917\jna15793587149518619027.dll
Event: 18.980 Loaded shared library C:\Users\lenovo\.trae\extensions\redhat.java-1.44.0-win32-x64\jre\21.0.8-win32-x86_64\bin\extnet.dll
Event: 19.268 Loaded shared library C:\Users\lenovo\.trae\extensions\redhat.java-1.44.0-win32-x64\jre\21.0.8-win32-x86_64\bin\sunmscapi.dll
Event: 23.954 Loaded shared library C:\Users\lenovo\.gradle\native\c067742578af261105cb4f569cf0c3c89f3d7b1fecec35dd04571415982c5e48\windows-amd64\native-platform.dll
Event: 26.685 Loaded shared library C:\Users\lenovo\.trae\extensions\redhat.java-1.44.0-win32-x64\jre\21.0.8-win32-x86_64\bin\management.dll
Event: 26.696 Loaded shared library C:\Users\lenovo\.trae\extensions\redhat.java-1.44.0-win32-x64\jre\21.0.8-win32-x86_64\bin\management_ext.dll
Event: 45.581 Loaded shared library C:\Users\lenovo\.gradle\native\c067742578af261105cb4f569cf0c3c89f3d7b1fecec35dd04571415982c5e48\windows-amd64-min\native-platform.dll

Deoptimization events (20 events):
Event: 8368.976 Thread 0x000001e58802e660 DEOPT PACKING pc=0x000001e52b27e0db sp=0x000000babd2fedb0
Event: 8368.977 Thread 0x000001e58802e660 DEOPT UNPACKING pc=0x000001e531f54242 sp=0x000000babd2fe238 mode 0
Event: 8369.396 Thread 0x000001e58802e660 Uncommon trap: trap_request=0xffffffbe fr.pc=0x000001e532fa6a7c relative=0x000000000000079c
Event: 8369.396 Thread 0x000001e58802e660 Uncommon trap: reason=profile_predicate action=maybe_recompile pc=0x000001e532fa6a7c method=org.eclipse.jdt.internal.compiler.util.SimpleLookupTable.put(Ljava/lang/Object;Ljava/lang/Object;)Ljava/lang/Object; @ 61 c2
Event: 8369.396 Thread 0x000001e58802e660 DEOPT PACKING pc=0x000001e532fa6a7c sp=0x000000babd2fe330
Event: 8369.396 Thread 0x000001e58802e660 DEOPT UNPACKING pc=0x000001e531f53aa2 sp=0x000000babd2fe2e8 mode 2
Event: 8369.397 Thread 0x000001e58802e660 Uncommon trap: trap_request=0xffffffbe fr.pc=0x000001e532fa6a7c relative=0x000000000000079c
Event: 8369.397 Thread 0x000001e58802e660 Uncommon trap: reason=profile_predicate action=maybe_recompile pc=0x000001e532fa6a7c method=org.eclipse.jdt.internal.compiler.util.SimpleLookupTable.put(Ljava/lang/Object;Ljava/lang/Object;)Ljava/lang/Object; @ 61 c2
Event: 8369.397 Thread 0x000001e58802e660 DEOPT PACKING pc=0x000001e532fa6a7c sp=0x000000babd2fe330
Event: 8369.397 Thread 0x000001e58802e660 DEOPT UNPACKING pc=0x000001e531f53aa2 sp=0x000000babd2fe2e8 mode 2
Event: 8369.398 Thread 0x000001e58802e660 Uncommon trap: trap_request=0xffffffbe fr.pc=0x000001e532fa6a7c relative=0x000000000000079c
Event: 8369.398 Thread 0x000001e58802e660 Uncommon trap: reason=profile_predicate action=maybe_recompile pc=0x000001e532fa6a7c method=org.eclipse.jdt.internal.compiler.util.SimpleLookupTable.put(Ljava/lang/Object;Ljava/lang/Object;)Ljava/lang/Object; @ 61 c2
Event: 8369.398 Thread 0x000001e58802e660 DEOPT PACKING pc=0x000001e532fa6a7c sp=0x000000babd2fe430
Event: 8369.398 Thread 0x000001e58802e660 DEOPT UNPACKING pc=0x000001e531f53aa2 sp=0x000000babd2fe3e8 mode 2
Event: 8369.398 Thread 0x000001e58802e660 Uncommon trap: trap_request=0xffffffbe fr.pc=0x000001e532fa6a7c relative=0x000000000000079c
Event: 8369.398 Thread 0x000001e58802e660 Uncommon trap: reason=profile_predicate action=maybe_recompile pc=0x000001e532fa6a7c method=org.eclipse.jdt.internal.compiler.util.SimpleLookupTable.put(Ljava/lang/Object;Ljava/lang/Object;)Ljava/lang/Object; @ 61 c2
Event: 8369.398 Thread 0x000001e58802e660 DEOPT PACKING pc=0x000001e532fa6a7c sp=0x000000babd2fe430
Event: 8369.398 Thread 0x000001e58802e660 DEOPT UNPACKING pc=0x000001e531f53aa2 sp=0x000000babd2fe3e8 mode 2
Event: 8369.416 Thread 0x000001e58802e660 DEOPT PACKING pc=0x000001e52bf77a7e sp=0x000000babd2fd210
Event: 8369.416 Thread 0x000001e58802e660 DEOPT UNPACKING pc=0x000001e531f54242 sp=0x000000babd2fc6b0 mode 0

Classes loaded (20 events):
Event: 321.893 Loading class java/util/stream/Nodes$AbstractConcNode done
Event: 321.893 Loading class java/util/stream/Nodes$ConcNode done
Event: 7204.828 Loading class java/util/regex/Pattern$Caret
Event: 7204.828 Loading class java/util/regex/Pattern$Caret done
Event: 7205.079 Loading class java/util/Hashtable$ValueCollection
Event: 7205.079 Loading class java/util/Hashtable$ValueCollection done
Event: 7205.809 Loading class java/util/stream/ReduceOps$4
Event: 7205.809 Loading class java/util/stream/ReduceOps$4 done
Event: 7205.810 Loading class java/util/stream/ReduceOps$4ReducingSink
Event: 7205.811 Loading class java/util/stream/ReduceOps$4ReducingSink done
Event: 7852.854 Loading class java/util/stream/ReferencePipeline$4
Event: 7852.856 Loading class java/util/stream/ReferencePipeline$4 done
Event: 7852.859 Loading class java/util/stream/Nodes$IntFixedNodeBuilder
Event: 7852.860 Loading class java/util/stream/Node$Builder$OfInt
Event: 7852.861 Loading class java/util/stream/Node$Builder$OfInt done
Event: 7852.861 Loading class java/util/stream/Nodes$IntArrayNode
Event: 7852.863 Loading class java/util/stream/Nodes$IntArrayNode done
Event: 7852.863 Loading class java/util/stream/Nodes$IntFixedNodeBuilder done
Event: 7852.863 Loading class java/util/stream/ReferencePipeline$4$1
Event: 7852.865 Loading class java/util/stream/ReferencePipeline$4$1 done

Classes unloaded (7 events):
Event: 15.711 Thread 0x000001e580ae2960 Unloading class 0x000001e5401ac400 'java/lang/invoke/LambdaForm$MH+0x000001e5401ac400'
Event: 15.711 Thread 0x000001e580ae2960 Unloading class 0x000001e5401ac000 'java/lang/invoke/LambdaForm$MH+0x000001e5401ac000'
Event: 15.711 Thread 0x000001e580ae2960 Unloading class 0x000001e5401abc00 'java/lang/invoke/LambdaForm$MH+0x000001e5401abc00'
Event: 15.711 Thread 0x000001e580ae2960 Unloading class 0x000001e5401ab800 'java/lang/invoke/LambdaForm$MH+0x000001e5401ab800'
Event: 15.711 Thread 0x000001e580ae2960 Unloading class 0x000001e5401ab400 'java/lang/invoke/LambdaForm$BMH+0x000001e5401ab400'
Event: 15.711 Thread 0x000001e580ae2960 Unloading class 0x000001e5401ab000 'java/lang/invoke/LambdaForm$DMH+0x000001e5401ab000'
Event: 15.711 Thread 0x000001e580ae2960 Unloading class 0x000001e5401aa000 'java/lang/invoke/LambdaForm$DMH+0x000001e5401aa000'

Classes redefined (0 events):
No events

Internal exceptions (20 events):
Event: 58.237 Thread 0x000001e58adf2790 Exception <a 'java/lang/NoSuchMethodError'{0x00000000d5614038}: static Lorg/gradle/tooling/internal/protocol/InternalBuildActionFailureException;.<clinit>()V> (0x00000000d5614038) 
thrown [s\src\hotspot\share\prims\jni.cpp, line 1111]
Event: 58.464 Thread 0x000001e58adf2100 Exception <a 'java/lang/NoSuchMethodError'{0x00000000d5650840}: static Lorg/gradle/internal/classloader/ClassLoaderSpec;.<clinit>()V> (0x00000000d5650840) 
thrown [s\src\hotspot\share\prims\jni.cpp, line 1111]
Event: 58.466 Thread 0x000001e58adf2100 Exception <a 'java/lang/NoSuchMethodError'{0x00000000d5661ed8}: static Lorg/gradle/internal/classloader/VisitableURLClassLoader$Spec;.<clinit>()V> (0x00000000d5661ed8) 
thrown [s\src\hotspot\share\prims\jni.cpp, line 1111]
Event: 58.610 Thread 0x000001e58adf2100 Exception <a 'java/lang/NoSuchMethodError'{0x00000000d57cb170}: static Lorg/gradle/api/GradleException;.<clinit>()V> (0x00000000d57cb170) 
thrown [s\src\hotspot\share\prims\jni.cpp, line 1111]
Event: 58.610 Thread 0x000001e58adf2100 Exception <a 'java/lang/NoSuchMethodError'{0x00000000d57cd0c0}: static Lorg/gradle/internal/exceptions/DefaultMultiCauseException;.<clinit>()V> (0x00000000d57cd0c0) 
thrown [s\src\hotspot\share\prims\jni.cpp, line 1111]
Event: 58.612 Thread 0x000001e58adf2100 Exception <a 'java/lang/NoSuchMethodError'{0x00000000d57d1710}: static Lorg/gradle/execution/MultipleBuildFailures;.<clinit>()V> (0x00000000d57d1710) 
thrown [s\src\hotspot\share\prims\jni.cpp, line 1111]
Event: 59.062 Thread 0x000001e5868cca20 Exception <a 'sun/nio/fs/WindowsException'{0x00000000d576a208}> (0x00000000d576a208) 
thrown [s\src\hotspot\share\prims\jni.cpp, line 520]
Event: 59.063 Thread 0x000001e5868cca20 Exception <a 'sun/nio/fs/WindowsException'{0x00000000d576acd0}> (0x00000000d576acd0) 
thrown [s\src\hotspot\share\prims\jni.cpp, line 520]
Event: 321.955 Thread 0x000001e58802c590 Exception <a 'java/lang/NoSuchMethodError'{0x00000000d5659230}: 'java.lang.Object java.lang.invoke.DirectMethodHandle$Holder.newInvokeSpecial(java.lang.Object, java.lang.Object, java.lang.Object, java.lang.Object, java.lang.Object, java.lang.Object, java.lang.Object, java.lang.Object)'> (0x00000000d5659230) 
thrown [s\src\hotspot\share\interpreter\linkResolver.cpp, line 773]
Event: 2496.285 Thread 0x000001e588031ae0 Implicit null exception at 0x000001e532da0744 to 0x000001e532da218c
Event: 2496.286 Thread 0x000001e588031ae0 Implicit null exception at 0x000001e532d87d0d to 0x000001e532d88060
Event: 7202.888 Thread 0x000001e5899bf950 Implicit null exception at 0x000001e532d416e1 to 0x000001e532d4a5e2
Event: 7202.901 Thread 0x000001e5899bf950 Implicit null exception at 0x000001e532d6d925 to 0x000001e532d76a3f
Event: 7202.946 Thread 0x000001e5899bf950 Implicit null exception at 0x000001e53295625a to 0x000001e5329562b3
Event: 7205.340 Thread 0x000001e58adf2100 Exception <a 'java/lang/NoSuchMethodError'{0x00000000d55f5158}: 'int java.lang.invoke.Invokers$Holder.invokeExact_MT(java.lang.Object, java.lang.Object)'> (0x00000000d55f5158) 
thrown [s\src\hotspot\share\interpreter\linkResolver.cpp, line 773]
Event: 7205.426 Thread 0x000001e58adf2100 Exception <a 'java/lang/IncompatibleClassChangeError'{0x00000000d563f2e8}: Found class java.lang.Object, but interface was expected> (0x00000000d563f2e8) 
thrown [s\src\hotspot\share\interpreter\linkResolver.cpp, line 840]
Event: 7205.776 Thread 0x000001e58802e660 Exception <a 'java/lang/NoSuchMethodError'{0x00000000d5609d60}: 'java.lang.Object java.lang.invoke.DirectMethodHandle$Holder.invokeSpecial(java.lang.Object, java.lang.Object, int, long)'> (0x00000000d5609d60) 
thrown [s\src\hotspot\share\interpreter\linkResolver.cpp, line 773]
Event: 7205.844 Thread 0x000001e58adf2100 Exception <a 'java/lang/NoSuchMethodError'{0x00000000d55dc5b8}: 'int java.lang.invoke.DirectMethodHandle$Holder.invokeSpecialIFC(java.lang.Object, java.lang.Object, java.lang.Object)'> (0x00000000d55dc5b8) 
thrown [s\src\hotspot\share\interpreter\linkResolver.cpp, line 773]
Event: 8352.245 Thread 0x000001e5899bf950 Exception <a 'java/lang/IncompatibleClassChangeError'{0x00000000d56ad798}: Found class java.lang.Object, but interface was expected> (0x00000000d56ad798) 
thrown [s\src\hotspot\share\interpreter\linkResolver.cpp, line 840]
Event: 8352.248 Thread 0x000001e5899bf950 Exception <a 'java/lang/IncompatibleClassChangeError'{0x00000000d56b14a0}: Found class java.lang.Object, but interface was expected> (0x00000000d56b14a0) 
thrown [s\src\hotspot\share\interpreter\linkResolver.cpp, line 840]

ZGC Phase Switch (0 events):
No events

VM Operations (20 events):
Event: 8368.747 Executing VM operation: ParallelGCFailedAllocation (Allocation Failure)
Event: 8368.749 Executing VM operation: ParallelGCFailedAllocation (Allocation Failure) done
Event: 8368.844 Executing VM operation: ParallelGCFailedAllocation (Allocation Failure)
Event: 8368.846 Executing VM operation: ParallelGCFailedAllocation (Allocation Failure) done
Event: 8368.882 Executing VM operation: ParallelGCFailedAllocation (Allocation Failure)
Event: 8368.883 Executing VM operation: ParallelGCFailedAllocation (Allocation Failure) done
Event: 8369.387 Executing VM operation: ParallelGCFailedAllocation (Allocation Failure)
Event: 8369.389 Executing VM operation: ParallelGCFailedAllocation (Allocation Failure) done
Event: 8369.419 Executing VM operation: ParallelGCFailedAllocation (Allocation Failure)
Event: 8369.421 Executing VM operation: ParallelGCFailedAllocation (Allocation Failure) done
Event: 8416.450 Executing VM operation: Cleanup
Event: 8416.450 Executing VM operation: Cleanup done
Event: 8417.961 Executing VM operation: HandshakeAllThreads (HandshakeForDeflation)
Event: 8417.961 Executing VM operation: HandshakeAllThreads (HandshakeForDeflation) done
Event: 8417.961 Executing VM operation: RendezvousGCThreads
Event: 8417.961 Executing VM operation: RendezvousGCThreads done
Event: 8478.043 Executing VM operation: HandshakeAllThreads (HandshakeForDeflation)
Event: 8478.043 Executing VM operation: HandshakeAllThreads (HandshakeForDeflation) done
Event: 8478.043 Executing VM operation: RendezvousGCThreads
Event: 8478.043 Executing VM operation: RendezvousGCThreads done

Memory protections (0 events):
No events

Nmethod flushes (20 events):
Event: 24.020 Thread 0x000001e580ae2960 flushing  nmethod 0x000001e52b298510
Event: 24.020 Thread 0x000001e580ae2960 flushing  nmethod 0x000001e52b29ab90
Event: 24.020 Thread 0x000001e580ae2960 flushing  nmethod 0x000001e52b29b010
Event: 24.020 Thread 0x000001e580ae2960 flushing  nmethod 0x000001e52b29b490
Event: 24.020 Thread 0x000001e580ae2960 flushing  nmethod 0x000001e52b29ef10
Event: 24.020 Thread 0x000001e580ae2960 flushing  nmethod 0x000001e52b2c0c10
Event: 24.020 Thread 0x000001e580ae2960 flushing  nmethod 0x000001e52b2d3f10
Event: 24.020 Thread 0x000001e580ae2960 flushing  nmethod 0x000001e52b2e8090
Event: 24.020 Thread 0x000001e580ae2960 flushing  nmethod 0x000001e52b2eb510
Event: 24.020 Thread 0x000001e580ae2960 flushing  nmethod 0x000001e52b2eb990
Event: 24.020 Thread 0x000001e580ae2960 flushing  nmethod 0x000001e52b2ec190
Event: 24.020 Thread 0x000001e580ae2960 flushing  nmethod 0x000001e52b2ec790
Event: 24.020 Thread 0x000001e580ae2960 flushing  nmethod 0x000001e52b2ed010
Event: 24.020 Thread 0x000001e580ae2960 flushing  nmethod 0x000001e52b2ed710
Event: 24.020 Thread 0x000001e580ae2960 flushing  nmethod 0x000001e52b2f0d10
Event: 24.020 Thread 0x000001e580ae2960 flushing  nmethod 0x000001e52b2f6d90
Event: 24.020 Thread 0x000001e580ae2960 flushing  nmethod 0x000001e52b2fb590
Event: 24.020 Thread 0x000001e580ae2960 flushing  nmethod 0x000001e52b318290
Event: 24.020 Thread 0x000001e580ae2960 flushing  nmethod 0x000001e52b31ba90
Event: 24.020 Thread 0x000001e580ae2960 flushing  nmethod 0x000001e52b331d90

Events (20 events):
Event: 7874.033 Thread 0x000001e58adf0d50 Thread exited: 0x000001e58adf0d50
Event: 7913.375 Thread 0x000001e58adf06c0 Thread exited: 0x000001e58adf06c0
Event: 8352.416 Thread 0x000001e5899bf950 Thread added: 0x000001e58adf2100
Event: 8352.514 Thread 0x000001e580b0fbf0 Thread added: 0x000001e58b4b58a0
Event: 8352.619 Thread 0x000001e5899bf950 Thread added: 0x000001e58adf0d50
Event: 8352.633 Thread 0x000001e580b0fbf0 Thread added: 0x000001e58b4b4b00
Event: 8352.803 Thread 0x000001e58802e660 Thread added: 0x000001e58adf4860
Event: 8352.803 Thread 0x000001e58b4b4b00 Thread exited: 0x000001e58b4b4b00
Event: 8352.803 Thread 0x000001e58b4b58a0 Thread exited: 0x000001e58b4b58a0
Event: 8353.231 Thread 0x000001e580b0fbf0 Thread added: 0x000001e58b4b7ab0
Event: 8353.271 Thread 0x000001e580b0fbf0 Thread added: 0x000001e58b4b4430
Event: 8358.296 Thread 0x000001e58b4b4430 Thread exited: 0x000001e58b4b4430
Event: 8358.302 Thread 0x000001e58b4b7ab0 Thread exited: 0x000001e58b4b7ab0
Event: 8368.744 Thread 0x000001e580b0fbf0 Thread added: 0x000001e58b4b7ab0
Event: 8368.767 Thread 0x000001e580b0fbf0 Thread added: 0x000001e58b4b58a0
Event: 8369.057 Thread 0x000001e58b4b58a0 Thread exited: 0x000001e58b4b58a0
Event: 8369.218 Thread 0x000001e58b4b7ab0 Thread exited: 0x000001e58b4b7ab0
Event: 8428.887 Thread 0x000001e58adf0d50 Thread exited: 0x000001e58adf0d50
Event: 8475.483 Thread 0x000001e58adf4860 Thread exited: 0x000001e58adf4860
Event: 8488.887 Thread 0x000001e58adf2100 Thread exited: 0x000001e58adf2100


Dynamic libraries:
0x00007ff6f0580000 - 0x00007ff6f058e000 	c:\Users\lenovo\.trae\extensions\redhat.java-1.44.0-win32-x64\jre\21.0.8-win32-x86_64\bin\java.exe
0x00007fff70900000 - 0x00007fff70b68000 	C:\Windows\SYSTEM32\ntdll.dll
0x00007fff6e6e0000 - 0x00007fff6e7a9000 	C:\Windows\System32\KERNEL32.DLL
0x00007fff6dcc0000 - 0x00007fff6e0ad000 	C:\Windows\System32\KERNELBASE.dll
0x00007fff6e0b0000 - 0x00007fff6e1fb000 	C:\Windows\System32\ucrtbase.dll
0x00007fff4fa90000 - 0x00007fff4faa8000 	c:\Users\lenovo\.trae\extensions\redhat.java-1.44.0-win32-x64\jre\21.0.8-win32-x86_64\bin\jli.dll
0x00007fff6ffe0000 - 0x00007fff701ac000 	C:\Windows\System32\USER32.dll
0x00007fff6dbd0000 - 0x00007fff6dbf7000 	C:\Windows\System32\win32u.dll
0x00007fff70810000 - 0x00007fff7083b000 	C:\Windows\System32\GDI32.dll
0x00007fff6e2a0000 - 0x00007fff6e3d7000 	C:\Windows\System32\gdi32full.dll
0x00007fff6e560000 - 0x00007fff6e603000 	C:\Windows\System32\msvcp_win.dll
0x00007fff4f660000 - 0x00007fff4f67e000 	c:\Users\lenovo\.trae\extensions\redhat.java-1.44.0-win32-x64\jre\21.0.8-win32-x86_64\bin\VCRUNTIME140.dll
0x00007fff493f0000 - 0x00007fff4968a000 	C:\Windows\WinSxS\amd64_microsoft.windows.common-controls_6595b64144ccf1df_6.0.26100.4484_none_3e0e6d4ce32ef3b3\COMCTL32.dll
0x00007fff6ff20000 - 0x00007fff6ffc9000 	C:\Windows\System32\msvcrt.dll
0x00007fff6e6a0000 - 0x00007fff6e6cf000 	C:\Windows\System32\IMM32.DLL
0x0000000064070000 - 0x000000006407d000 	C:\Program Files (x86)\360\360Safe\safemon\SafeWrapper.dll
0x00007fff6ec40000 - 0x00007fff6ecf4000 	C:\Windows\System32\ADVAPI32.dll
0x00007fff70510000 - 0x00007fff705b6000 	C:\Windows\System32\sechost.dll
0x00007fff70390000 - 0x00007fff704a8000 	C:\Windows\System32\RPCRT4.dll
0x00007fff3e8a0000 - 0x00007fff3e9a5000 	C:\Program Files (x86)\360\360Safe\safemon\libzdtp64.dll
0x00007fff6f190000 - 0x00007fff6f8da000 	C:\Windows\System32\SHELL32.dll
0x00007fff6e3e0000 - 0x00007fff6e554000 	C:\Windows\System32\wintypes.dll
0x00007fff6fb80000 - 0x00007fff6ff06000 	C:\Windows\System32\combase.dll
0x00007fff6f8e0000 - 0x00007fff6f94a000 	C:\Windows\System32\SHLWAPI.dll
0x00007fff65e30000 - 0x00007fff65e3b000 	C:\Windows\SYSTEM32\VERSION.dll
0x00007fff626a0000 - 0x00007fff626ac000 	c:\Users\lenovo\.trae\extensions\redhat.java-1.44.0-win32-x64\jre\21.0.8-win32-x86_64\bin\vcruntime140_1.dll
0x00007fff35e70000 - 0x00007fff35efd000 	c:\Users\lenovo\.trae\extensions\redhat.java-1.44.0-win32-x64\jre\21.0.8-win32-x86_64\bin\msvcp140.dll
0x00007ffe914f0000 - 0x00007ffe92287000 	c:\Users\lenovo\.trae\extensions\redhat.java-1.44.0-win32-x64\jre\21.0.8-win32-x86_64\bin\server\jvm.dll
0x00007fff706d0000 - 0x00007fff70744000 	C:\Windows\System32\WS2_32.dll
0x00007fff6d8a0000 - 0x00007fff6d8fe000 	C:\Windows\SYSTEM32\POWRPROF.dll
0x00007fff66fd0000 - 0x00007fff67005000 	C:\Windows\SYSTEM32\WINMM.dll
0x00007fff6d880000 - 0x00007fff6d894000 	C:\Windows\SYSTEM32\UMPDC.dll
0x00007fff6c7f0000 - 0x00007fff6c80b000 	C:\Windows\SYSTEM32\kernel.appcore.dll
0x00007fff62800000 - 0x00007fff6280a000 	c:\Users\lenovo\.trae\extensions\redhat.java-1.44.0-win32-x64\jre\21.0.8-win32-x86_64\bin\jimage.dll
0x00007fff6b090000 - 0x00007fff6b2d1000 	C:\Windows\SYSTEM32\DBGHELP.DLL
0x00007fff6f0a0000 - 0x00007fff6f180000 	C:\Windows\System32\OLEAUT32.dll
0x00007fff4bb20000 - 0x00007fff4bb63000 	C:\Windows\SYSTEM32\dbgcore.DLL
0x00007fff6e200000 - 0x00007fff6e299000 	C:\Windows\System32\bcryptPrimitives.dll
0x00007fff62350000 - 0x00007fff6235f000 	c:\Users\lenovo\.trae\extensions\redhat.java-1.44.0-win32-x64\jre\21.0.8-win32-x86_64\bin\instrument.dll
0x00007fff4f160000 - 0x00007fff4f17f000 	c:\Users\lenovo\.trae\extensions\redhat.java-1.44.0-win32-x64\jre\21.0.8-win32-x86_64\bin\java.dll
0x00007fff6b690000 - 0x00007fff6beeb000 	C:\Windows\SYSTEM32\windows.storage.dll
0x00007fff705c0000 - 0x00007fff706b5000 	C:\Windows\System32\SHCORE.dll
0x00007fff6d960000 - 0x00007fff6d98f000 	C:\Windows\SYSTEM32\profapi.dll
0x00007fff4be60000 - 0x00007fff4be78000 	c:\Users\lenovo\.trae\extensions\redhat.java-1.44.0-win32-x64\jre\21.0.8-win32-x86_64\bin\zip.dll
0x00007fff5d030000 - 0x00007fff5d040000 	C:\Users\lenovo\.trae\extensions\redhat.java-1.44.0-win32-x64\jre\21.0.8-win32-x86_64\bin\net.dll
0x00007fff659f0000 - 0x00007fff65b0e000 	C:\Windows\SYSTEM32\WINHTTP.dll
0x00007fff6cd80000 - 0x00007fff6cdea000 	C:\Windows\system32\mswsock.dll
0x00007fff49710000 - 0x00007fff49726000 	C:\Users\lenovo\.trae\extensions\redhat.java-1.44.0-win32-x64\jre\21.0.8-win32-x86_64\bin\nio.dll
0x00007fff5cfe0000 - 0x00007fff5cff0000 	c:\Users\lenovo\.trae\extensions\redhat.java-1.44.0-win32-x64\jre\21.0.8-win32-x86_64\bin\verify.dll
0x00007fff378f0000 - 0x00007fff37935000 	C:\Users\lenovo\AppData\Roaming\Trae\User\globalStorage\redhat.java\1.44.0\config_win\org.eclipse.equinox.launcher\org.eclipse.equinox.launcher.win32.win32.x86_64_1.2.1400.v20250730-1736\eclipse_11913.dll
0x00007fff6f950000 - 0x00007fff6faee000 	C:\Windows\System32\ole32.dll
0x00007fff6d030000 - 0x00007fff6d04b000 	C:\Windows\SYSTEM32\CRYPTSP.dll
0x00007fff6c750000 - 0x00007fff6c78b000 	C:\Windows\system32\rsaenh.dll
0x00007fff6ce20000 - 0x00007fff6ce4b000 	C:\Windows\SYSTEM32\USERENV.dll
0x00007fff6d930000 - 0x00007fff6d956000 	C:\Windows\SYSTEM32\bcrypt.dll
0x00007fff6d050000 - 0x00007fff6d05c000 	C:\Windows\SYSTEM32\CRYPTBASE.dll
0x00007fff6c2b0000 - 0x00007fff6c2e3000 	C:\Windows\SYSTEM32\IPHLPAPI.DLL
0x00007fff70800000 - 0x00007fff7080a000 	C:\Windows\System32\NSI.dll
0x00007fff31d20000 - 0x00007fff31d69000 	C:\Users\lenovo\AppData\Local\Temp\jna--1106355917\jna15793587149518619027.dll
0x00007fff6ff10000 - 0x00007fff6ff18000 	C:\Windows\System32\PSAPI.DLL
0x00007fff66c80000 - 0x00007fff66c9f000 	C:\Windows\SYSTEM32\dhcpcsvc6.DLL
0x00007fff66c50000 - 0x00007fff66c75000 	C:\Windows\SYSTEM32\dhcpcsvc.DLL
0x00007fff5bf30000 - 0x00007fff5bf39000 	C:\Users\lenovo\.trae\extensions\redhat.java-1.44.0-win32-x64\jre\21.0.8-win32-x86_64\bin\extnet.dll
0x00007fff5be30000 - 0x00007fff5be3e000 	C:\Users\lenovo\.trae\extensions\redhat.java-1.44.0-win32-x64\jre\21.0.8-win32-x86_64\bin\sunmscapi.dll
0x00007fff6da50000 - 0x00007fff6dbc7000 	C:\Windows\System32\CRYPT32.dll
0x00007fff6d250000 - 0x00007fff6d280000 	C:\Windows\SYSTEM32\ncrypt.dll
0x00007fff6d200000 - 0x00007fff6d23f000 	C:\Windows\SYSTEM32\NTASN1.dll
0x00007fff62790000 - 0x00007fff627b7000 	C:\Users\lenovo\.gradle\native\c067742578af261105cb4f569cf0c3c89f3d7b1fecec35dd04571415982c5e48\windows-amd64\native-platform.dll
0x00007fff5b460000 - 0x00007fff5b46a000 	C:\Users\lenovo\.trae\extensions\redhat.java-1.44.0-win32-x64\jre\21.0.8-win32-x86_64\bin\management.dll
0x00007fff5a730000 - 0x00007fff5a73b000 	C:\Users\lenovo\.trae\extensions\redhat.java-1.44.0-win32-x64\jre\21.0.8-win32-x86_64\bin\management_ext.dll
0x00007fff3fb50000 - 0x00007fff3fb77000 	C:\Users\lenovo\.gradle\native\c067742578af261105cb4f569cf0c3c89f3d7b1fecec35dd04571415982c5e48\windows-amd64-min\native-platform.dll
0x00007fff3aff0000 - 0x00007fff3aff8000 	C:\Windows\system32\wshunix.dll

JVMTI agents:
c:\Users\lenovo\.trae\extensions\redhat.java-1.44.0-win32-x64\lombok\lombok-1.18.39-4050.jar path:c:\Users\lenovo\.trae\extensions\redhat.java-1.44.0-win32-x64\jre\21.0.8-win32-x86_64\bin\instrument.dll, loaded, initialized, instrumentlib options:none

dbghelp: loaded successfully - version: 4.0.5 - missing functions: none
symbol engine: initialized successfully - sym options: 0x614 - pdb path: .;c:\Users\lenovo\.trae\extensions\redhat.java-1.44.0-win32-x64\jre\21.0.8-win32-x86_64\bin;C:\Windows\SYSTEM32;C:\Windows\WinSxS\amd64_microsoft.windows.common-controls_6595b64144ccf1df_6.0.26100.4484_none_3e0e6d4ce32ef3b3;C:\Program Files (x86)\360\360Safe\safemon;c:\Users\lenovo\.trae\extensions\redhat.java-1.44.0-win32-x64\jre\21.0.8-win32-x86_64\bin\server;C:\Users\lenovo\AppData\Roaming\Trae\User\globalStorage\redhat.java\1.44.0\config_win\org.eclipse.equinox.launcher\org.eclipse.equinox.launcher.win32.win32.x86_64_1.2.1400.v20250730-1736;C:\Users\lenovo\AppData\Local\Temp\jna--1106355917;C:\Users\lenovo\.gradle\native\c067742578af261105cb4f569cf0c3c89f3d7b1fecec35dd04571415982c5e48\windows-amd64;C:\Users\lenovo\.gradle\native\c067742578af261105cb4f569cf0c3c89f3d7b1fecec35dd04571415982c5e48\windows-amd64-min

VM Arguments:
jvm_args: --add-modules=ALL-SYSTEM --add-opens=java.base/java.util=ALL-UNNAMED --add-opens=java.base/java.lang=ALL-UNNAMED --add-opens=java.base/sun.nio.fs=ALL-UNNAMED -Declipse.application=org.eclipse.jdt.ls.core.id1 -Dosgi.bundles.defaultStartLevel=4 -Declipse.product=org.eclipse.jdt.ls.core.product -Djava.import.generatesMetadataFilesAtProjectRoot=false -DDetectVMInstallationsJob.disabled=true -Dfile.encoding=utf8 -XX:+UseParallelGC -XX:GCTimeRatio=4 -XX:AdaptiveSizePolicyWeight=90 -Dsun.zip.disableMemoryMapping=true -Xmx2G -Xms100m -Xlog:disable -javaagent:c:\Users\lenovo\.trae\extensions\redhat.java-1.44.0-win32-x64\lombok\lombok-1.18.39-4050.jar -XX:+HeapDumpOnOutOfMemoryError -XX:HeapDumpPath=c:\Users\lenovo\AppData\Roaming\Trae\User\workspaceStorage\de302e933ad1fd3eddc533ba682f86d7\redhat.java -Daether.dependencyCollector.impl=bf 
java_command: c:\Users\lenovo\.trae\extensions\redhat.java-1.44.0-win32-x64\server\plugins\org.eclipse.equinox.launcher_1.7.0.v20250519-0528.jar -configuration c:\Users\lenovo\AppData\Roaming\Trae\User\globalStorage\redhat.java\1.44.0\config_win -data c:\Users\lenovo\AppData\Roaming\Trae\User\workspaceStorage\de302e933ad1fd3eddc533ba682f86d7\redhat.java\jdt_ws --pipe=\\.\pipe\lsp-e8644815eebe55bce4cbd04c0f2eb8f0-sock
java_class_path (initial): c:\Users\lenovo\.trae\extensions\redhat.java-1.44.0-win32-x64\server\plugins\org.eclipse.equinox.launcher_1.7.0.v20250519-0528.jar
Launcher Type: SUN_STANDARD

[Global flags]
    uintx AdaptiveSizePolicyWeight                 = 90                                        {product} {command line}
     intx CICompilerCount                          = 4                                         {product} {ergonomic}
    uintx GCTimeRatio                              = 4                                         {product} {command line}
     bool HeapDumpOnOutOfMemoryError               = true                                   {manageable} {command line}
    ccstr HeapDumpPath                             = c:\Users\lenovo\AppData\Roaming\Trae\User\workspaceStorage\de302e933ad1fd3eddc533ba682f86d7\redhat.java         {manageable} {command line}
   size_t InitialHeapSize                          = 104857600                                 {product} {command line}
   size_t MaxHeapSize                              = 2147483648                                {product} {command line}
   size_t MaxNewSize                               = 715653120                                 {product} {ergonomic}
   size_t MinHeapDeltaBytes                        = 524288                                    {product} {ergonomic}
   size_t MinHeapSize                              = 104857600                                 {product} {command line}
   size_t NewSize                                  = 34603008                                  {product} {ergonomic}
    uintx NonNMethodCodeHeapSize                   = 5839372                                {pd product} {ergonomic}
    uintx NonProfiledCodeHeapSize                  = 122909434                              {pd product} {ergonomic}
   size_t OldSize                                  = 70254592                                  {product} {ergonomic}
    uintx ProfiledCodeHeapSize                     = 122909434                              {pd product} {ergonomic}
    uintx ReservedCodeCacheSize                    = 251658240                              {pd product} {ergonomic}
     bool SegmentedCodeCache                       = true                                      {product} {ergonomic}
   size_t SoftMaxHeapSize                          = 2147483648                             {manageable} {ergonomic}
     bool UseCompressedOops                        = true                           {product lp64_product} {ergonomic}
     bool UseLargePagesIndividualAllocation        = false                                  {pd product} {ergonomic}
     bool UseParallelGC                            = true                                      {product} {command line}

Logging:
Log output configuration:
 #0: stdout all=off uptime,level,tags foldmultilines=false
 #1: stderr all=off uptime,level,tags foldmultilines=false

Environment Variables:
JAVA_HOME=C:\Users\lenovo\.jdks\temurin-24
PATH=C:\Users\lenovo\.jdks\temurin-24\bin;C:\Users\lenovo\.trae\tools\maven\latest\bin;C:\Users\lenovo\.trae\tools\gradle\latest\bin;C:\Windows\system32;C:\Windows;C:\Windows\System32\Wbem;C:\Windows\System32\WindowsPowerShell\v1.0\;C:\Windows\System32\OpenSSH\;C:\Program Files\Git\cmd;C:\Program Files\Git\bin;C:\Users\lenovo\AppData\Local\Programs\Python\Python313\Scripts\;C:\Users\lenovo\AppData\Local\Programs\Python\Python313\;C:\Users\lenovo\AppData\Local\Programs\Python\Launcher\;C:\Users\lenovo\AppData\Local\Microsoft\WindowsApps;D:\Program Files\JetBrains\PyCharm 2025.2\bin;d:\Program Files\Trae\resources\app\bin\lib
USERNAME=lenovo
OS=Windows_NT
PROCESSOR_IDENTIFIER=Intel64 Family 6 Model 186 Stepping 2, GenuineIntel
TMP=C:\Users\lenovo\AppData\Local\Temp
TEMP=C:\Users\lenovo\AppData\Local\Temp




Periodic native trim disabled

---------------  S Y S T E M  ---------------

OS:
 Windows 11 , 64 bit Build 26100 (10.0.26100.4484)
OS uptime: 4 days 17:12 hours
Hyper-V role detected

CPU: total 12 (initial active 12) (6 cores per cpu, 2 threads per core) family 6 model 186 stepping 2 microcode 0x4121, cx8, cmov, fxsr, ht, mmx, 3dnowpref, sse, sse2, sse3, ssse3, sse4.1, sse4.2, popcnt, lzcnt, tsc, tscinvbit, avx, avx2, aes, erms, clmul, bmi1, bmi2, adx, sha, fma, vzeroupper, clflush, clflushopt, clwb, hv, serialize, rdtscp, rdpid, fsrm, f16c, cet_ibt, cet_ss
Processor Information for processor 0
  Max Mhz: 2100, Current Mhz: 2100, Mhz Limit: 2100
Processor Information for processor 1
  Max Mhz: 2100, Current Mhz: 2100, Mhz Limit: 2100
Processor Information for processor 2
  Max Mhz: 2100, Current Mhz: 2100, Mhz Limit: 2100
Processor Information for processor 3
  Max Mhz: 2100, Current Mhz: 2100, Mhz Limit: 2100
Processor Information for processor 4
  Max Mhz: 2100, Current Mhz: 2100, Mhz Limit: 2100
Processor Information for processor 5
  Max Mhz: 2100, Current Mhz: 2100, Mhz Limit: 2100
Processor Information for processor 6
  Max Mhz: 2100, Current Mhz: 2100, Mhz Limit: 2100
Processor Information for processor 7
  Max Mhz: 2100, Current Mhz: 2100, Mhz Limit: 2100
Processor Information for processor 8
  Max Mhz: 2100, Current Mhz: 2100, Mhz Limit: 2100
Processor Information for processor 9
  Max Mhz: 2100, Current Mhz: 1540, Mhz Limit: 2100
Processor Information for processor 10
  Max Mhz: 2100, Current Mhz: 1540, Mhz Limit: 2100
Processor Information for processor 11
  Max Mhz: 2100, Current Mhz: 2100, Mhz Limit: 2100

Memory: 4k page, system-wide physical 16044M (1264M free)
TotalPageFile size 54444M (AvailPageFile size 126M)
current process WorkingSet (physical memory assigned to process): 159M, peak: 805M
current process commit charge ("private bytes"): 865M, peak: 901M

vm_info: OpenJDK 64-Bit Server VM (21.0.8+9-LTS) for windows-amd64 JRE (21.0.8+9-LTS), built on 2025-07-15T00:00:00Z by "admin" with MS VC++ 17.7 (VS2022)

END.
