#
# There is insufficient memory for the Java Runtime Environment to continue.
# Native memory allocation (malloc) failed to allocate 902016 bytes. Error detail: Chunk::new
# Possible reasons:
#   The system is out of physical RAM or swap space
#   This process is running with CompressedOops enabled, and the Java Heap may be blocking the growth of the native heap
# Possible solutions:
#   Reduce memory load on the system
#   Increase physical memory or swap space
#   Check if swap backing store is full
#   Decrease Java heap size (-Xmx/-Xms)
#   Decrease number of Java threads
#   Decrease Java thread stack sizes (-Xss)
#   Set larger code cache with -XX:ReservedCodeCacheSize=
#   JVM is running with Unscaled Compressed Oops mode in which the Java heap is
#     placed in the first 4GB address space. The Java Heap base address is the
#     maximum limit for the native heap growth. Please use -XX:HeapBaseMinAddress
#     to set the Java Heap base and to place the Java Heap above 4GB virtual address.
# This output file may be truncated or incomplete.
#
#  Out of Memory Error (arena.cpp:168), pid=19784, tid=35368
#
# JRE version: OpenJDK Runtime Environment Temurin-21.0.8+9 (21.0.8+9) (build 21.0.8+9-LTS)
# Java VM: OpenJDK 64-Bit Server VM Temurin-21.0.8+9 (21.0.8+9-LTS, mixed mode, sharing, tiered, compressed oops, compressed class ptrs, g1 gc, windows-amd64)
# No core dump will be written. Minidumps are not enabled by default on client versions of Windows
#

---------------  S U M M A R Y ------------

Command Line: -XX:+UseG1GC --add-opens=java.base/java.util=ALL-UNNAMED --add-opens=java.base/java.lang=ALL-UNNAMED --add-opens=java.base/java.lang.invoke=ALL-UNNAMED --add-opens=java.prefs/java.util.prefs=ALL-UNNAMED --add-opens=java.base/java.nio.charset=ALL-UNNAMED --add-opens=java.base/java.net=ALL-UNNAMED --add-opens=java.base/java.util.concurrent.atomic=ALL-UNNAMED -Xmx2048m -Dfile.encoding=UTF-8 -Duser.country=CN -Duser.language=zh -Duser.variant -javaagent:C:\Users\lenovo\.gradle\wrapper\dists\gradle-8.5-bin\5hry6tgzq0wontdz18qo6fdj9\gradle-8.5\lib\agents\gradle-instrumentation-agent-8.5.jar org.gradle.launcher.daemon.bootstrap.GradleDaemon 8.5

Host: 13th Gen Intel(R) Core(TM) i5-13420H, 12 cores, 15G,  Windows 11 , 64 bit Build 26100 (10.0.26100.4484)
Time: Sun Aug 17 18:38:39 2025 elapsed time: 24.511777 seconds (0d 0h 0m 24s)

---------------  T H R E A D  ---------------

Current thread (0x000002659a8ef800):  JavaThread "C2 CompilerThread1" daemon [_thread_in_native, id=35368, stack(0x000000ae2e200000,0x000000ae2e300000) (1024K)]


Current CompileTask:
C2:24512 9202       4       org.gradle.internal.instantiation.generator.AbstractClassGenerator::inspectType (560 bytes)

Stack: [0x000000ae2e200000,0x000000ae2e300000]
Native frames: (J=compiled Java code, j=interpreted, Vv=VM code, C=native code)
V  [jvm.dll+0x6d2449]
V  [jvm.dll+0x8ae341]
V  [jvm.dll+0x8b08be]
V  [jvm.dll+0x8b0fa3]
V  [jvm.dll+0x280c96]
V  [jvm.dll+0xc581d]
V  [jvm.dll+0xc5d53]
V  [jvm.dll+0x2f539d]
V  [jvm.dll+0x5fa00a]
V  [jvm.dll+0x252092]
V  [jvm.dll+0x24a56e]
V  [jvm.dll+0x2483a4]
V  [jvm.dll+0x1c89ee]
V  [jvm.dll+0x257d4d]
V  [jvm.dll+0x2562ea]
V  [jvm.dll+0x3f2d16]
V  [jvm.dll+0x857e6b]
V  [jvm.dll+0x6d0b0d]
C  [ucrtbase.dll+0x37b0]
C  [KERNEL32.DLL+0x2e8d7]
C  [ntdll.dll+0x3c34c]


---------------  P R O C E S S  ---------------

Threads class SMR info:
_java_thread_list=0x00000265e45c47f0, length=59, elements={
0x00000265805648d0, 0x000002659a4fddd0, 0x000002659a4fe430, 0x000002659a8b9070,
0x000002659a8bbe90, 0x000002659a8cdfb0, 0x000002659a8cf360, 0x000002659a8e2ae0,
0x000002659a8ef130, 0x000002659a8cf9f0, 0x000002659a8cecd0, 0x000002659a8ce640,
0x000002659a8cc570, 0x000002659a8ccc00, 0x000002659a8cd290, 0x000002659a8cd920,
0x00000265e0795b30, 0x00000265e07961c0, 0x00000265e0797c00, 0x00000265e0797570,
0x00000265e0796850, 0x00000265e0794780, 0x00000265e0798290, 0x00000265e0798920,
0x00000265e07954a0, 0x00000265e0798fb0, 0x00000265e0799640, 0x00000265e0799cd0,
0x00000265e079a360, 0x00000265e0796ee0, 0x00000265e079b710, 0x00000265e079a9f0,
0x00000265e079b080, 0x00000265e50d44e0, 0x00000265e50d3e50, 0x00000265e50d37c0,
0x00000265e50d4b70, 0x00000265e50d16f0, 0x00000265e50d2410, 0x00000265e50d3130,
0x00000265e50d5200, 0x00000265e50d5890, 0x00000265e50d5f20, 0x00000265e50d2aa0,
0x00000265e50d7ff0, 0x00000265e50d65b0, 0x00000265e50d6c40, 0x00000265e50d72d0,
0x00000265e50d8680, 0x00000265e50d7960, 0x00000265e3f66c90, 0x00000265e3f66600,
0x00000265e3f658e0, 0x00000265e3f64bc0, 0x00000265e3f67320, 0x00000265e3f679b0,
0x00000265e3f64530, 0x00000265e3f686d0, 0x000002659a8ef800
}

Java Threads: ( => current thread )
  0x00000265805648d0 JavaThread "main"                              [_thread_blocked, id=60664, stack(0x000000ae2a900000,0x000000ae2aa00000) (1024K)]
  0x000002659a4fddd0 JavaThread "Reference Handler"          daemon [_thread_blocked, id=67528, stack(0x000000ae2b100000,0x000000ae2b200000) (1024K)]
  0x000002659a4fe430 JavaThread "Finalizer"                  daemon [_thread_blocked, id=61324, stack(0x000000ae2b200000,0x000000ae2b300000) (1024K)]
  0x000002659a8b9070 JavaThread "Signal Dispatcher"          daemon [_thread_blocked, id=596, stack(0x000000ae2b300000,0x000000ae2b400000) (1024K)]
  0x000002659a8bbe90 JavaThread "Attach Listener"            daemon [_thread_blocked, id=19272, stack(0x000000ae2b400000,0x000000ae2b500000) (1024K)]
  0x000002659a8cdfb0 JavaThread "Service Thread"             daemon [_thread_blocked, id=10324, stack(0x000000ae2b500000,0x000000ae2b600000) (1024K)]
  0x000002659a8cf360 JavaThread "Monitor Deflation Thread"   daemon [_thread_blocked, id=44756, stack(0x000000ae2b600000,0x000000ae2b700000) (1024K)]
  0x000002659a8e2ae0 JavaThread "C2 CompilerThread0"         daemon [_thread_in_native, id=30024, stack(0x000000ae2b700000,0x000000ae2b800000) (1024K)]
  0x000002659a8ef130 JavaThread "C1 CompilerThread0"         daemon [_thread_in_native, id=66836, stack(0x000000ae2b800000,0x000000ae2b900000) (1024K)]
  0x000002659a8cf9f0 JavaThread "Common-Cleaner"             daemon [_thread_blocked, id=5188, stack(0x000000ae2b900000,0x000000ae2ba00000) (1024K)]
  0x000002659a8cecd0 JavaThread "Notification Thread"        daemon [_thread_blocked, id=69044, stack(0x000000ae2ba00000,0x000000ae2bb00000) (1024K)]
  0x000002659a8ce640 JavaThread "Daemon health stats"               [_thread_blocked, id=54576, stack(0x000000ae2c100000,0x000000ae2c200000) (1024K)]
  0x000002659a8cc570 JavaThread "Incoming local TCP Connector on port 59233"        [_thread_in_native, id=57096, stack(0x000000ae2c200000,0x000000ae2c300000) (1024K)]
  0x000002659a8ccc00 JavaThread "Daemon periodic checks"            [_thread_blocked, id=64420, stack(0x000000ae2c300000,0x000000ae2c400000) (1024K)]
  0x000002659a8cd290 JavaThread "Daemon"                            [_thread_blocked, id=24608, stack(0x000000ae2c400000,0x000000ae2c500000) (1024K)]
  0x000002659a8cd920 JavaThread "Handler for socket connection from /127.0.0.1:59233 to /127.0.0.1:59234"        [_thread_in_native, id=3992, stack(0x000000ae2c500000,0x000000ae2c600000) (1024K)]
  0x00000265e0795b30 JavaThread "Cancel handler"                    [_thread_blocked, id=20940, stack(0x000000ae2c600000,0x000000ae2c700000) (1024K)]
  0x00000265e07961c0 JavaThread "Daemon worker"                     [_thread_in_native, id=52816, stack(0x000000ae2c700000,0x000000ae2c800000) (1024K)]
  0x00000265e0797c00 JavaThread "Asynchronous log dispatcher for DefaultDaemonConnection: socket connection from /127.0.0.1:59233 to /127.0.0.1:59234"        [_thread_blocked, id=33660, stack(0x000000ae2c800000,0x000000ae2c900000) (1024K)]
  0x00000265e0797570 JavaThread "Stdin handler"                     [_thread_blocked, id=67236, stack(0x000000ae2c900000,0x000000ae2ca00000) (1024K)]
  0x00000265e0796850 JavaThread "Daemon client event forwarder"        [_thread_blocked, id=21044, stack(0x000000ae2ca00000,0x000000ae2cb00000) (1024K)]
  0x00000265e0794780 JavaThread "Cache worker for journal cache (C:\Users\lenovo\.gradle\caches\journal-1)"        [_thread_blocked, id=58324, stack(0x000000ae2c000000,0x000000ae2c100000) (1024K)]
  0x00000265e0798290 JavaThread "File lock request listener"        [_thread_in_native, id=13792, stack(0x000000ae2cb00000,0x000000ae2cc00000) (1024K)]
  0x00000265e0798920 JavaThread "Cache worker for file hash cache (C:\Users\lenovo\.gradle\caches\8.5\fileHashes)"        [_thread_blocked, id=25424, stack(0x000000ae2cd00000,0x000000ae2ce00000) (1024K)]
  0x00000265e07954a0 JavaThread "File watcher server"        daemon [_thread_in_native, id=65064, stack(0x000000ae2d500000,0x000000ae2d600000) (1024K)]
  0x00000265e0798fb0 JavaThread "File watcher consumer"      daemon [_thread_blocked, id=23476, stack(0x000000ae2d600000,0x000000ae2d700000) (1024K)]
  0x00000265e0799640 JavaThread "Cache worker for checksums cache (D:\sourcecode\AIMedical\Frontend-Android\.gradle\8.5\checksums)"        [_thread_blocked, id=27052, stack(0x000000ae2cc00000,0x000000ae2cd00000) (1024K)]
  0x00000265e0799cd0 JavaThread "Cache worker for file hash cache (D:\sourcecode\AIMedical\Frontend-Android\.gradle\8.5\fileHashes)"        [_thread_blocked, id=39796, stack(0x000000ae2ce00000,0x000000ae2cf00000) (1024K)]
  0x00000265e079a360 JavaThread "Cache worker for cache directory md-supplier (C:\Users\lenovo\.gradle\caches\8.5\md-supplier)"        [_thread_blocked, id=1544, stack(0x000000ae2d700000,0x000000ae2d800000) (1024K)]
  0x00000265e0796ee0 JavaThread "Cache worker for cache directory md-rule (C:\Users\lenovo\.gradle\caches\8.5\md-rule)"        [_thread_blocked, id=404, stack(0x000000ae2d800000,0x000000ae2d900000) (1024K)]
  0x00000265e079b710 JavaThread "Cache worker for file content cache (C:\Users\lenovo\.gradle\caches\8.5\fileContent)"        [_thread_blocked, id=55536, stack(0x000000ae2d900000,0x000000ae2da00000) (1024K)]
  0x00000265e079a9f0 JavaThread "Cache worker for execution history cache (C:\Users\lenovo\.gradle\caches\8.5\executionHistory)"        [_thread_blocked, id=40476, stack(0x000000ae2da00000,0x000000ae2db00000) (1024K)]
  0x00000265e079b080 JavaThread "jar transforms"                    [_thread_blocked, id=45588, stack(0x000000ae2db00000,0x000000ae2dc00000) (1024K)]
  0x00000265e50d44e0 JavaThread "jar transforms Thread 2"           [_thread_blocked, id=30684, stack(0x000000ae2de00000,0x000000ae2df00000) (1024K)]
  0x00000265e50d3e50 JavaThread "jar transforms Thread 3"           [_thread_blocked, id=66240, stack(0x000000ae2df00000,0x000000ae2e000000) (1024K)]
  0x00000265e50d37c0 JavaThread "jar transforms Thread 4"           [_thread_blocked, id=62660, stack(0x000000ae2e000000,0x000000ae2e100000) (1024K)]
  0x00000265e50d4b70 JavaThread "Cache worker for dependencies-accessors (D:\sourcecode\AIMedical\Frontend-Android\.gradle\8.5\dependencies-accessors)"        [_thread_blocked, id=29540, stack(0x000000ae2e100000,0x000000ae2e200000) (1024K)]
  0x00000265e50d16f0 JavaThread "jar transforms Thread 5"           [_thread_blocked, id=22852, stack(0x000000ae2dd00000,0x000000ae2de00000) (1024K)]
  0x00000265e50d2410 JavaThread "Cache worker for Build Output Cleanup Cache (D:\sourcecode\AIMedical\Frontend-Android\.gradle\buildOutputCleanup)"        [_thread_blocked, id=65144, stack(0x000000ae2dc00000,0x000000ae2dd00000) (1024K)]
  0x00000265e50d3130 JavaThread "Unconstrained build operations"        [_thread_blocked, id=58468, stack(0x000000ae2e300000,0x000000ae2e400000) (1024K)]
  0x00000265e50d5200 JavaThread "Unconstrained build operations Thread 2"        [_thread_blocked, id=14908, stack(0x000000ae2e400000,0x000000ae2e500000) (1024K)]
  0x00000265e50d5890 JavaThread "Unconstrained build operations Thread 3"        [_thread_blocked, id=58860, stack(0x000000ae2e500000,0x000000ae2e600000) (1024K)]
  0x00000265e50d5f20 JavaThread "Unconstrained build operations Thread 4"        [_thread_blocked, id=56472, stack(0x000000ae2e600000,0x000000ae2e700000) (1024K)]
  0x00000265e50d2aa0 JavaThread "Unconstrained build operations Thread 5"        [_thread_blocked, id=36952, stack(0x000000ae2e700000,0x000000ae2e800000) (1024K)]
  0x00000265e50d7ff0 JavaThread "Unconstrained build operations Thread 6"        [_thread_blocked, id=21936, stack(0x000000ae2e800000,0x000000ae2e900000) (1024K)]
  0x00000265e50d65b0 JavaThread "Unconstrained build operations Thread 7"        [_thread_blocked, id=54448, stack(0x000000ae2e900000,0x000000ae2ea00000) (1024K)]
  0x00000265e50d6c40 JavaThread "Unconstrained build operations Thread 8"        [_thread_blocked, id=65764, stack(0x000000ae2ea00000,0x000000ae2eb00000) (1024K)]
  0x00000265e50d72d0 JavaThread "Unconstrained build operations Thread 9"        [_thread_blocked, id=61076, stack(0x000000ae2eb00000,0x000000ae2ec00000) (1024K)]
  0x00000265e50d8680 JavaThread "Unconstrained build operations Thread 10"        [_thread_blocked, id=14472, stack(0x000000ae2ec00000,0x000000ae2ed00000) (1024K)]
  0x00000265e50d7960 JavaThread "Unconstrained build operations Thread 11"        [_thread_blocked, id=59092, stack(0x000000ae2ed00000,0x000000ae2ee00000) (1024K)]
  0x00000265e3f66c90 JavaThread "jar transforms Thread 6"           [_thread_blocked, id=60184, stack(0x000000ae2ee00000,0x000000ae2ef00000) (1024K)]
  0x00000265e3f66600 JavaThread "jar transforms Thread 7"           [_thread_blocked, id=26284, stack(0x000000ae2ef00000,0x000000ae2f000000) (1024K)]
  0x00000265e3f658e0 JavaThread "jar transforms Thread 8"           [_thread_blocked, id=35708, stack(0x000000ae2f000000,0x000000ae2f100000) (1024K)]
  0x00000265e3f64bc0 JavaThread "jar transforms Thread 9"           [_thread_blocked, id=4344, stack(0x000000ae2f100000,0x000000ae2f200000) (1024K)]
  0x00000265e3f67320 JavaThread "jar transforms Thread 10"          [_thread_blocked, id=61320, stack(0x000000ae2f200000,0x000000ae2f300000) (1024K)]
  0x00000265e3f679b0 JavaThread "jar transforms Thread 11"          [_thread_blocked, id=9424, stack(0x000000ae2f300000,0x000000ae2f400000) (1024K)]
  0x00000265e3f64530 JavaThread "jar transforms Thread 12"          [_thread_blocked, id=56664, stack(0x000000ae2f400000,0x000000ae2f500000) (1024K)]
  0x00000265e3f686d0 JavaThread "Memory manager"                    [_thread_blocked, id=31728, stack(0x000000ae2f600000,0x000000ae2f700000) (1024K)]
=>0x000002659a8ef800 JavaThread "C2 CompilerThread1"         daemon [_thread_in_native, id=35368, stack(0x000000ae2e200000,0x000000ae2e300000) (1024K)]
Total: 59

Other Threads:
  0x000002659a4e5370 VMThread "VM Thread"                           [id=3940, stack(0x000000ae2b000000,0x000000ae2b100000) (1024K)]
  0x000002659a4d8260 WatcherThread "VM Periodic Task Thread"        [id=67200, stack(0x000000ae2af00000,0x000000ae2b000000) (1024K)]
  0x00000265821b0b00 WorkerThread "GC Thread#0"                     [id=32484, stack(0x000000ae2aa00000,0x000000ae2ab00000) (1024K)]
  0x00000265e07d9f80 WorkerThread "GC Thread#1"                     [id=62224, stack(0x000000ae2bb00000,0x000000ae2bc00000) (1024K)]
  0x00000265e07da320 WorkerThread "GC Thread#2"                     [id=13320, stack(0x000000ae2bc00000,0x000000ae2bd00000) (1024K)]
  0x00000265e08bd830 WorkerThread "GC Thread#3"                     [id=14060, stack(0x000000ae2bd00000,0x000000ae2be00000) (1024K)]
  0x00000265e08d46d0 WorkerThread "GC Thread#4"                     [id=62368, stack(0x000000ae2be00000,0x000000ae2bf00000) (1024K)]
  0x00000265e08d3110 WorkerThread "GC Thread#5"                     [id=57604, stack(0x000000ae2bf00000,0x000000ae2c000000) (1024K)]
  0x00000265e48efc20 WorkerThread "GC Thread#6"                     [id=6692, stack(0x000000ae2cf00000,0x000000ae2d000000) (1024K)]
  0x00000265e48ee660 WorkerThread "GC Thread#7"                     [id=62936, stack(0x000000ae2d000000,0x000000ae2d100000) (1024K)]
  0x00000265e48edf20 WorkerThread "GC Thread#8"                     [id=48824, stack(0x000000ae2d100000,0x000000ae2d200000) (1024K)]
  0x00000265e48eea00 WorkerThread "GC Thread#9"                     [id=30536, stack(0x000000ae2d200000,0x000000ae2d300000) (1024K)]
  0x00000265821c19f0 ConcurrentGCThread "G1 Main Marker"            [id=16460, stack(0x000000ae2ab00000,0x000000ae2ac00000) (1024K)]
  0x00000265821c3280 WorkerThread "G1 Conc#0"                       [id=64136, stack(0x000000ae2ac00000,0x000000ae2ad00000) (1024K)]
  0x00000265e48ee2c0 WorkerThread "G1 Conc#1"                       [id=47568, stack(0x000000ae2d300000,0x000000ae2d400000) (1024K)]
  0x00000265e48ef140 WorkerThread "G1 Conc#2"                       [id=19220, stack(0x000000ae2d400000,0x000000ae2d500000) (1024K)]
  0x000002659a40f050 ConcurrentGCThread "G1 Refine#0"               [id=40380, stack(0x000000ae2ad00000,0x000000ae2ae00000) (1024K)]
  0x000002659a40f480 ConcurrentGCThread "G1 Service"                [id=62268, stack(0x000000ae2ae00000,0x000000ae2af00000) (1024K)]
Total: 18

Threads with active compile tasks:
C2 CompilerThread0  25595 9217       4       org.objectweb.asm.Type::getMethodDescriptor (66 bytes)
C1 CompilerThread0  25595 9229       3       org.gradle.internal.instantiation.generator.AbstractClassGenerator$ExtensibleTypePropertyHandler::applyTo (273 bytes)
C2 CompilerThread1  25595 9202       4       org.gradle.internal.instantiation.generator.AbstractClassGenerator::inspectType (560 bytes)
Total: 3

VM state: not at safepoint (normal execution)

VM Mutex/Monitor currently owned by a thread: None

Heap address: 0x0000000080000000, size: 2048 MB, Compressed Oops mode: 32-bit

CDS archive(s) mapped at: [0x000002659b000000-0x000002659bba0000-0x000002659bba0000), size 12189696, SharedBaseAddress: 0x000002659b000000, ArchiveRelocationMode: 1.
Compressed class space mapped at: 0x000002659c000000-0x00000265dc000000, reserved size: 1073741824
Narrow klass base: 0x000002659b000000, Narrow klass shift: 0, Narrow klass range: 0x100000000

GC Precious Log:
 CardTable entry size: 512
 Card Set container configuration: InlinePtr #cards 5 size 8 Array Of Cards #cards 12 size 40 Howl #buckets 4 coarsen threshold 1843 Howl Bitmap #cards 512 size 80 coarsen threshold 460 Card regions per heap region 1 cards per card region 2048
 CPUs: 12 total, 12 available
 Memory: 16044M
 Large Page Support: Disabled
 NUMA Support: Disabled
 Compressed Oops: Enabled (32-bit)
 Heap Region Size: 1M
 Heap Min Capacity: 8M
 Heap Initial Capacity: 252M
 Heap Max Capacity: 2G
 Pre-touch: Disabled
 Parallel Workers: 10
 Concurrent Workers: 3
 Concurrent Refinement Workers: 10
 Periodic GC: Disabled

Heap:
 garbage-first heap   total 121856K, used 92315K [0x0000000080000000, 0x0000000100000000)
  region size 1024K, 21 young (21504K), 3 survivors (3072K)
 Metaspace       used 70490K, committed 72384K, reserved 1114112K
  class space    used 10003K, committed 10944K, reserved 1048576K

Heap Regions: E=young(eden), S=young(survivor), O=old, HS=humongous(starts), HC=humongous(continues), CS=collection set, F=free, TAMS=top-at-mark-start, PB=parsable bottom
|   0|0x0000000080000000, 0x0000000080100000, 0x0000000080100000|100%|HS|  |TAMS 0x0000000080000000| PB 0x0000000080000000| Complete 
|   1|0x0000000080100000, 0x0000000080200000, 0x0000000080200000|100%|HC|  |TAMS 0x0000000080100000| PB 0x0000000080100000| Complete 
|   2|0x0000000080200000, 0x0000000080300000, 0x0000000080300000|100%|HC|  |TAMS 0x0000000080200000| PB 0x0000000080200000| Complete 
|   3|0x0000000080300000, 0x0000000080400000, 0x0000000080400000|100%|HC|  |TAMS 0x0000000080300000| PB 0x0000000080300000| Complete 
|   4|0x0000000080400000, 0x0000000080500000, 0x0000000080500000|100%| O|  |TAMS 0x0000000080400000| PB 0x0000000080400000| Untracked 
|   5|0x0000000080500000, 0x0000000080600000, 0x0000000080600000|100%| O|  |TAMS 0x0000000080500000| PB 0x0000000080500000| Untracked 
|   6|0x0000000080600000, 0x0000000080700000, 0x0000000080700000|100%| O|  |TAMS 0x0000000080600000| PB 0x0000000080600000| Untracked 
|   7|0x0000000080700000, 0x0000000080800000, 0x0000000080800000|100%| O|  |TAMS 0x0000000080700000| PB 0x0000000080700000| Untracked 
|   8|0x0000000080800000, 0x0000000080900000, 0x0000000080900000|100%| O|  |TAMS 0x0000000080800000| PB 0x0000000080800000| Untracked 
|   9|0x0000000080900000, 0x0000000080a00000, 0x0000000080a00000|100%| O|  |TAMS 0x0000000080900000| PB 0x0000000080900000| Untracked 
|  10|0x0000000080a00000, 0x0000000080b00000, 0x0000000080b00000|100%| O|  |TAMS 0x0000000080a00000| PB 0x0000000080a00000| Untracked 
|  11|0x0000000080b00000, 0x0000000080c00000, 0x0000000080c00000|100%| O|  |TAMS 0x0000000080b00000| PB 0x0000000080b00000| Untracked 
|  12|0x0000000080c00000, 0x0000000080d00000, 0x0000000080d00000|100%| O|  |TAMS 0x0000000080c00000| PB 0x0000000080c00000| Untracked 
|  13|0x0000000080d00000, 0x0000000080e00000, 0x0000000080e00000|100%| O|  |TAMS 0x0000000080d00000| PB 0x0000000080d00000| Untracked 
|  14|0x0000000080e00000, 0x0000000080f00000, 0x0000000080f00000|100%| O|  |TAMS 0x0000000080e00000| PB 0x0000000080e00000| Untracked 
|  15|0x0000000080f00000, 0x0000000081000000, 0x0000000081000000|100%| O|  |TAMS 0x0000000080f00000| PB 0x0000000080f00000| Untracked 
|  16|0x0000000081000000, 0x0000000081100000, 0x0000000081100000|100%| O|  |TAMS 0x0000000081000000| PB 0x0000000081000000| Untracked 
|  17|0x0000000081100000, 0x0000000081200000, 0x0000000081200000|100%| O|  |TAMS 0x0000000081100000| PB 0x0000000081100000| Untracked 
|  18|0x0000000081200000, 0x0000000081300000, 0x0000000081300000|100%| O|  |TAMS 0x0000000081200000| PB 0x0000000081200000| Untracked 
|  19|0x0000000081300000, 0x0000000081400000, 0x0000000081400000|100%| O|  |TAMS 0x0000000081300000| PB 0x0000000081300000| Untracked 
|  20|0x0000000081400000, 0x0000000081500000, 0x0000000081500000|100%| O|  |TAMS 0x0000000081400000| PB 0x0000000081400000| Untracked 
|  21|0x0000000081500000, 0x0000000081600000, 0x0000000081600000|100%|HS|  |TAMS 0x0000000081500000| PB 0x0000000081500000| Complete 
|  22|0x0000000081600000, 0x0000000081700000, 0x0000000081700000|100%|HS|  |TAMS 0x0000000081600000| PB 0x0000000081600000| Complete 
|  23|0x0000000081700000, 0x0000000081800000, 0x0000000081800000|100%| O|  |TAMS 0x0000000081700000| PB 0x0000000081700000| Untracked 
|  24|0x0000000081800000, 0x0000000081900000, 0x0000000081900000|100%| O|  |TAMS 0x0000000081800000| PB 0x0000000081800000| Untracked 
|  25|0x0000000081900000, 0x0000000081a00000, 0x0000000081a00000|100%| O|  |TAMS 0x0000000081900000| PB 0x0000000081900000| Untracked 
|  26|0x0000000081a00000, 0x0000000081b00000, 0x0000000081b00000|100%| O|  |TAMS 0x0000000081a00000| PB 0x0000000081a00000| Untracked 
|  27|0x0000000081b00000, 0x0000000081c00000, 0x0000000081c00000|100%| O|  |TAMS 0x0000000081b00000| PB 0x0000000081b00000| Untracked 
|  28|0x0000000081c00000, 0x0000000081d00000, 0x0000000081d00000|100%| O|Cm|TAMS 0x0000000081c00000| PB 0x0000000081c00000| Complete 
|  29|0x0000000081d00000, 0x0000000081e00000, 0x0000000081e00000|100%| O|  |TAMS 0x0000000081d00000| PB 0x0000000081d00000| Untracked 
|  30|0x0000000081e00000, 0x0000000081f00000, 0x0000000081f00000|100%|HS|  |TAMS 0x0000000081e00000| PB 0x0000000081e00000| Complete 
|  31|0x0000000081f00000, 0x0000000082000000, 0x0000000082000000|100%|HS|  |TAMS 0x0000000081f00000| PB 0x0000000081f00000| Complete 
|  32|0x0000000082000000, 0x0000000082100000, 0x0000000082100000|100%| O|  |TAMS 0x0000000082000000| PB 0x0000000082000000| Untracked 
|  33|0x0000000082100000, 0x0000000082200000, 0x0000000082200000|100%| O|  |TAMS 0x0000000082100000| PB 0x0000000082100000| Untracked 
|  34|0x0000000082200000, 0x0000000082300000, 0x0000000082300000|100%| O|  |TAMS 0x0000000082200000| PB 0x0000000082200000| Untracked 
|  35|0x0000000082300000, 0x0000000082400000, 0x0000000082400000|100%| O|  |TAMS 0x0000000082300000| PB 0x0000000082300000| Untracked 
|  36|0x0000000082400000, 0x0000000082500000, 0x0000000082500000|100%| O|  |TAMS 0x0000000082400000| PB 0x0000000082400000| Untracked 
|  37|0x0000000082500000, 0x0000000082600000, 0x0000000082600000|100%| O|  |TAMS 0x0000000082500000| PB 0x0000000082500000| Untracked 
|  38|0x0000000082600000, 0x0000000082700000, 0x0000000082700000|100%|HS|  |TAMS 0x0000000082600000| PB 0x0000000082600000| Complete 
|  39|0x0000000082700000, 0x0000000082800000, 0x0000000082800000|100%| O|  |TAMS 0x0000000082700000| PB 0x0000000082700000| Untracked 
|  40|0x0000000082800000, 0x0000000082900000, 0x0000000082900000|100%| O|  |TAMS 0x0000000082800000| PB 0x0000000082800000| Untracked 
|  41|0x0000000082900000, 0x0000000082a00000, 0x0000000082a00000|100%| O|  |TAMS 0x0000000082900000| PB 0x0000000082900000| Untracked 
|  42|0x0000000082a00000, 0x0000000082b00000, 0x0000000082b00000|100%| O|  |TAMS 0x0000000082a00000| PB 0x0000000082a00000| Untracked 
|  43|0x0000000082b00000, 0x0000000082c00000, 0x0000000082c00000|100%| O|  |TAMS 0x0000000082b00000| PB 0x0000000082b00000| Untracked 
|  44|0x0000000082c00000, 0x0000000082d00000, 0x0000000082d00000|100%| O|  |TAMS 0x0000000082c00000| PB 0x0000000082c00000| Untracked 
|  45|0x0000000082d00000, 0x0000000082e00000, 0x0000000082e00000|100%| O|Cm|TAMS 0x0000000082d00000| PB 0x0000000082d00000| Complete 
|  46|0x0000000082e00000, 0x0000000082f00000, 0x0000000082f00000|100%| O|  |TAMS 0x0000000082e00000| PB 0x0000000082e00000| Untracked 
|  47|0x0000000082f00000, 0x0000000083000000, 0x0000000083000000|100%| O|  |TAMS 0x0000000082f00000| PB 0x0000000082f00000| Untracked 
|  48|0x0000000083000000, 0x0000000083100000, 0x0000000083100000|100%| O|  |TAMS 0x0000000083000000| PB 0x0000000083000000| Untracked 
|  49|0x0000000083100000, 0x0000000083200000, 0x0000000083200000|100%| O|  |TAMS 0x0000000083100000| PB 0x0000000083100000| Untracked 
|  50|0x0000000083200000, 0x0000000083300000, 0x0000000083300000|100%| O|  |TAMS 0x0000000083200000| PB 0x0000000083200000| Untracked 
|  51|0x0000000083300000, 0x0000000083400000, 0x0000000083400000|100%| O|  |TAMS 0x0000000083300000| PB 0x0000000083300000| Untracked 
|  52|0x0000000083400000, 0x0000000083500000, 0x0000000083500000|100%| O|  |TAMS 0x0000000083400000| PB 0x0000000083400000| Untracked 
|  53|0x0000000083500000, 0x0000000083600000, 0x0000000083600000|100%| O|  |TAMS 0x0000000083500000| PB 0x0000000083500000| Untracked 
|  54|0x0000000083600000, 0x000000008363d230, 0x0000000083700000| 23%| O|  |TAMS 0x0000000083600000| PB 0x0000000083600000| Untracked 
|  55|0x0000000083700000, 0x0000000083700000, 0x0000000083800000|  0%| F|  |TAMS 0x0000000083700000| PB 0x0000000083700000| Untracked 
|  56|0x0000000083800000, 0x0000000083800000, 0x0000000083900000|  0%| F|  |TAMS 0x0000000083800000| PB 0x0000000083800000| Untracked 
|  57|0x0000000083900000, 0x0000000083a00000, 0x0000000083a00000|100%| O|  |TAMS 0x0000000083900000| PB 0x0000000083900000| Untracked 
|  58|0x0000000083a00000, 0x0000000083b00000, 0x0000000083b00000|100%| O|  |TAMS 0x0000000083a00000| PB 0x0000000083a00000| Untracked 
|  59|0x0000000083b00000, 0x0000000083c00000, 0x0000000083c00000|100%| O|  |TAMS 0x0000000083b00000| PB 0x0000000083b00000| Untracked 
|  60|0x0000000083c00000, 0x0000000083c00000, 0x0000000083d00000|  0%| F|  |TAMS 0x0000000083c00000| PB 0x0000000083c00000| Untracked 
|  61|0x0000000083d00000, 0x0000000083d00000, 0x0000000083e00000|  0%| F|  |TAMS 0x0000000083d00000| PB 0x0000000083d00000| Untracked 
|  62|0x0000000083e00000, 0x0000000083e00000, 0x0000000083f00000|  0%| F|  |TAMS 0x0000000083e00000| PB 0x0000000083e00000| Untracked 
|  63|0x0000000083f00000, 0x0000000083f00000, 0x0000000084000000|  0%| F|  |TAMS 0x0000000083f00000| PB 0x0000000083f00000| Untracked 
|  64|0x0000000084000000, 0x0000000084000000, 0x0000000084100000|  0%| F|  |TAMS 0x0000000084000000| PB 0x0000000084000000| Untracked 
|  65|0x0000000084100000, 0x0000000084100000, 0x0000000084200000|  0%| F|  |TAMS 0x0000000084100000| PB 0x0000000084100000| Untracked 
|  66|0x0000000084200000, 0x0000000084200000, 0x0000000084300000|  0%| F|  |TAMS 0x0000000084200000| PB 0x0000000084200000| Untracked 
|  67|0x0000000084300000, 0x0000000084300000, 0x0000000084400000|  0%| F|  |TAMS 0x0000000084300000| PB 0x0000000084300000| Untracked 
|  68|0x0000000084400000, 0x0000000084400000, 0x0000000084500000|  0%| F|  |TAMS 0x0000000084400000| PB 0x0000000084400000| Untracked 
|  69|0x0000000084500000, 0x0000000084500000, 0x0000000084600000|  0%| F|  |TAMS 0x0000000084500000| PB 0x0000000084500000| Untracked 
|  70|0x0000000084600000, 0x0000000084600000, 0x0000000084700000|  0%| F|  |TAMS 0x0000000084600000| PB 0x0000000084600000| Untracked 
|  71|0x0000000084700000, 0x0000000084700000, 0x0000000084800000|  0%| F|  |TAMS 0x0000000084700000| PB 0x0000000084700000| Untracked 
|  72|0x0000000084800000, 0x00000000848e9ac0, 0x0000000084900000| 91%| S|CS|TAMS 0x0000000084800000| PB 0x0000000084800000| Complete 
|  73|0x0000000084900000, 0x0000000084a00000, 0x0000000084a00000|100%| S|CS|TAMS 0x0000000084900000| PB 0x0000000084900000| Complete 
|  74|0x0000000084a00000, 0x0000000084b00000, 0x0000000084b00000|100%| S|CS|TAMS 0x0000000084a00000| PB 0x0000000084a00000| Complete 
|  75|0x0000000084b00000, 0x0000000084b00000, 0x0000000084c00000|  0%| F|  |TAMS 0x0000000084b00000| PB 0x0000000084b00000| Untracked 
|  76|0x0000000084c00000, 0x0000000084c00000, 0x0000000084d00000|  0%| F|  |TAMS 0x0000000084c00000| PB 0x0000000084c00000| Untracked 
|  77|0x0000000084d00000, 0x0000000084d00000, 0x0000000084e00000|  0%| F|  |TAMS 0x0000000084d00000| PB 0x0000000084d00000| Untracked 
|  78|0x0000000084e00000, 0x0000000084e00000, 0x0000000084f00000|  0%| F|  |TAMS 0x0000000084e00000| PB 0x0000000084e00000| Untracked 
|  79|0x0000000084f00000, 0x0000000084f00000, 0x0000000085000000|  0%| F|  |TAMS 0x0000000084f00000| PB 0x0000000084f00000| Untracked 
|  80|0x0000000085000000, 0x0000000085000000, 0x0000000085100000|  0%| F|  |TAMS 0x0000000085000000| PB 0x0000000085000000| Untracked 
|  81|0x0000000085100000, 0x0000000085100000, 0x0000000085200000|  0%| F|  |TAMS 0x0000000085100000| PB 0x0000000085100000| Untracked 
|  82|0x0000000085200000, 0x0000000085200000, 0x0000000085300000|  0%| F|  |TAMS 0x0000000085200000| PB 0x0000000085200000| Untracked 
|  83|0x0000000085300000, 0x0000000085300000, 0x0000000085400000|  0%| F|  |TAMS 0x0000000085300000| PB 0x0000000085300000| Untracked 
|  84|0x0000000085400000, 0x0000000085400000, 0x0000000085500000|  0%| F|  |TAMS 0x0000000085400000| PB 0x0000000085400000| Untracked 
|  85|0x0000000085500000, 0x0000000085500000, 0x0000000085600000|  0%| F|  |TAMS 0x0000000085500000| PB 0x0000000085500000| Untracked 
|  86|0x0000000085600000, 0x0000000085600000, 0x0000000085700000|  0%| F|  |TAMS 0x0000000085600000| PB 0x0000000085600000| Untracked 
|  87|0x0000000085700000, 0x0000000085700000, 0x0000000085800000|  0%| F|  |TAMS 0x0000000085700000| PB 0x0000000085700000| Untracked 
|  88|0x0000000085800000, 0x0000000085900000, 0x0000000085900000|100%| E|  |TAMS 0x0000000085800000| PB 0x0000000085800000| Complete 
|  89|0x0000000085900000, 0x0000000085a00000, 0x0000000085a00000|100%| E|CS|TAMS 0x0000000085900000| PB 0x0000000085900000| Complete 
| 133|0x0000000088500000, 0x0000000088600000, 0x0000000088600000|100%| E|CS|TAMS 0x0000000088500000| PB 0x0000000088500000| Complete 
| 134|0x0000000088600000, 0x0000000088700000, 0x0000000088700000|100%| E|CS|TAMS 0x0000000088600000| PB 0x0000000088600000| Complete 
| 135|0x0000000088700000, 0x0000000088800000, 0x0000000088800000|100%| E|CS|TAMS 0x0000000088700000| PB 0x0000000088700000| Complete 
| 136|0x0000000088800000, 0x0000000088900000, 0x0000000088900000|100%| E|CS|TAMS 0x0000000088800000| PB 0x0000000088800000| Complete 
| 137|0x0000000088900000, 0x0000000088a00000, 0x0000000088a00000|100%| E|CS|TAMS 0x0000000088900000| PB 0x0000000088900000| Complete 
| 138|0x0000000088a00000, 0x0000000088b00000, 0x0000000088b00000|100%| E|CS|TAMS 0x0000000088a00000| PB 0x0000000088a00000| Complete 
| 139|0x0000000088b00000, 0x0000000088c00000, 0x0000000088c00000|100%| E|CS|TAMS 0x0000000088b00000| PB 0x0000000088b00000| Complete 
| 140|0x0000000088c00000, 0x0000000088d00000, 0x0000000088d00000|100%| E|CS|TAMS 0x0000000088c00000| PB 0x0000000088c00000| Complete 
| 141|0x0000000088d00000, 0x0000000088e00000, 0x0000000088e00000|100%| E|CS|TAMS 0x0000000088d00000| PB 0x0000000088d00000| Complete 
| 142|0x0000000088e00000, 0x0000000088f00000, 0x0000000088f00000|100%| E|CS|TAMS 0x0000000088e00000| PB 0x0000000088e00000| Complete 
| 143|0x0000000088f00000, 0x0000000089000000, 0x0000000089000000|100%| E|CS|TAMS 0x0000000088f00000| PB 0x0000000088f00000| Complete 
| 144|0x0000000089000000, 0x0000000089100000, 0x0000000089100000|100%| E|CS|TAMS 0x0000000089000000| PB 0x0000000089000000| Complete 
| 145|0x0000000089100000, 0x0000000089200000, 0x0000000089200000|100%| E|CS|TAMS 0x0000000089100000| PB 0x0000000089100000| Complete 
| 250|0x000000008fa00000, 0x000000008fb00000, 0x000000008fb00000|100%| E|CS|TAMS 0x000000008fa00000| PB 0x000000008fa00000| Complete 
| 251|0x000000008fb00000, 0x000000008fc00000, 0x000000008fc00000|100%| E|CS|TAMS 0x000000008fb00000| PB 0x000000008fb00000| Complete 
|2034|0x00000000ff200000, 0x00000000ff300000, 0x00000000ff300000|100%| O|  |TAMS 0x00000000ff200000| PB 0x00000000ff200000| Untracked 
|2035|0x00000000ff300000, 0x00000000ff400000, 0x00000000ff400000|100%| E|CS|TAMS 0x00000000ff300000| PB 0x00000000ff300000| Complete 
|2036|0x00000000ff400000, 0x00000000ff500000, 0x00000000ff500000|100%| O|  |TAMS 0x00000000ff400000| PB 0x00000000ff400000| Untracked 
|2037|0x00000000ff500000, 0x00000000ff600000, 0x00000000ff600000|100%| O|  |TAMS 0x00000000ff500000| PB 0x00000000ff500000| Untracked 
|2038|0x00000000ff600000, 0x00000000ff700000, 0x00000000ff700000|100%| O|  |TAMS 0x00000000ff600000| PB 0x00000000ff600000| Untracked 
|2039|0x00000000ff700000, 0x00000000ff800000, 0x00000000ff800000|100%| O|  |TAMS 0x00000000ff700000| PB 0x00000000ff700000| Untracked 
|2040|0x00000000ff800000, 0x00000000ff900000, 0x00000000ff900000|100%| O|  |TAMS 0x00000000ff800000| PB 0x00000000ff800000| Untracked 
|2041|0x00000000ff900000, 0x00000000ffa00000, 0x00000000ffa00000|100%| O|  |TAMS 0x00000000ff900000| PB 0x00000000ff900000| Untracked 
|2042|0x00000000ffa00000, 0x00000000ffb00000, 0x00000000ffb00000|100%| O|  |TAMS 0x00000000ffa00000| PB 0x00000000ffa00000| Untracked 
|2043|0x00000000ffb00000, 0x00000000ffc00000, 0x00000000ffc00000|100%| O|  |TAMS 0x00000000ffb00000| PB 0x00000000ffb00000| Untracked 
|2044|0x00000000ffc00000, 0x00000000ffd00000, 0x00000000ffd00000|100%| O|  |TAMS 0x00000000ffc00000| PB 0x00000000ffc00000| Untracked 
|2045|0x00000000ffd00000, 0x00000000ffe00000, 0x00000000ffe00000|100%| O|  |TAMS 0x00000000ffd00000| PB 0x00000000ffd00000| Untracked 
|2046|0x00000000ffe00000, 0x00000000fff00000, 0x00000000fff00000|100%| O|  |TAMS 0x00000000ffe00000| PB 0x00000000ffe00000| Untracked 
|2047|0x00000000fff00000, 0x0000000100000000, 0x0000000100000000|100%| O|  |TAMS 0x00000000fff00000| PB 0x00000000fff00000| Untracked 

Card table byte_map: [0x00000265956f0000,0x0000026595af0000] _byte_map_base: 0x00000265952f0000

Marking Bits: (CMBitMap*) 0x00000265821b1110
 Bits: [0x0000026595af0000, 0x0000026597af0000)

Polling page: 0x00000265807d0000

Metaspace:

Usage:
  Non-class:     59.12 MB used.
      Class:      9.78 MB used.
       Both:     68.90 MB used.

Virtual space:
  Non-class space:       64.00 MB reserved,      60.06 MB ( 94%) committed,  1 nodes.
      Class space:        1.00 GB reserved,      10.69 MB (  1%) committed,  1 nodes.
             Both:        1.06 GB reserved,      70.75 MB (  7%) committed. 

Chunk freelists:
   Non-Class:  3.86 MB
       Class:  5.27 MB
        Both:  9.13 MB

MaxMetaspaceSize: unlimited
CompressedClassSpaceSize: 1.00 GB
Initial GC threshold: 21.00 MB
Current GC threshold: 115.12 MB
CDS: on
 - commit_granule_bytes: 65536.
 - commit_granule_words: 8192.
 - virtual_space_node_default_size: 8388608.
 - enlarge_chunks_in_place: 1.
 - use_allocation_guard: 0.


Internal statistics:

num_allocs_failed_limit: 6.
num_arena_births: 3330.
num_arena_deaths: 2.
num_vsnodes_births: 2.
num_vsnodes_deaths: 0.
num_space_committed: 1132.
num_space_uncommitted: 0.
num_chunks_returned_to_freelist: 12.
num_chunks_taken_from_freelist: 6572.
num_chunk_merges: 6.
num_chunk_splits: 4280.
num_chunks_enlarged: 2668.
num_inconsistent_stats: 0.

CodeHeap 'non-profiled nmethods': size=120000Kb used=4625Kb max_used=4625Kb free=115375Kb
 bounds [0x000002658d130000, 0x000002658d5c0000, 0x0000026594660000]
CodeHeap 'profiled nmethods': size=120000Kb used=14413Kb max_used=14616Kb free=105586Kb
 bounds [0x0000026585660000, 0x00000265864b0000, 0x000002658cb90000]
CodeHeap 'non-nmethods': size=5760Kb used=2806Kb max_used=2877Kb free=2953Kb
 bounds [0x000002658cb90000, 0x000002658ce70000, 0x000002658d130000]
CodeCache: size=245760Kb, used=21844Kb, max_used=22118Kb, free=223914Kb
 total_blobs=8760, nmethods=7840, adapters=823, full_count=0
Compilation: enabled, stopped_count=0, restarted_count=0

Compilation events (20 events):
Event: 21.219 Thread 0x000002659a8ef130 9198       3       java.net.URI::hashCode (123 bytes)
Event: 21.220 Thread 0x000002659a8ef130 nmethod 9198 0x0000026585bbe710 code [0x0000026585bbea60, 0x0000026585bbfa08]
Event: 21.237 Thread 0x000002659a8ef130 9199       3       java.lang.invoke.BoundMethodHandle$Species_L::speciesData (4 bytes)
Event: 21.237 Thread 0x000002659a8ef130 nmethod 9199 0x0000026585826490 code [0x0000026585826620, 0x0000026585826738]
Event: 21.344 Thread 0x000002659a8ec180 nmethod 9101 0x000002658d5a9990 code [0x000002658d5aa4c0, 0x000002658d5b1f50]
Event: 21.345 Thread 0x000002659a8ef800 9200   !   4       java.util.zip.Inflater::setInput (56 bytes)
Event: 21.348 Thread 0x000002659a8ef800 nmethod 9200 0x000002658d25e990 code [0x000002658d25eb20, 0x000002658d25eef8]
Event: 21.374 Thread 0x000002659a8e2ae0 9201       4       java.util.TreeMap::put (221 bytes)
Event: 21.388 Thread 0x000002659a8ef800 9202       4       org.gradle.internal.instantiation.generator.AbstractClassGenerator::inspectType (560 bytes)
Event: 21.412 Thread 0x000002659a8ec180 9203       4       org.gradle.internal.io.StreamByteBuffer::allocateSpace (73 bytes)
Event: 22.446 Thread 0x000002659a8ec180 nmethod 9203 0x000002658d25e090 code [0x000002658d25e260, 0x000002658d25e720]
Event: 22.446 Thread 0x000002659a8e2ae0 nmethod 9201 0x000002658d28c910 code [0x000002658d28cb80, 0x000002658d28e510]
Event: 23.209 Thread 0x000002659a8e2ae0 9204       4       java.util.concurrent.locks.AbstractQueuedSynchronizer$Node::getAndUnsetStatus (14 bytes)
Event: 23.210 Thread 0x000002659a8e2ae0 nmethod 9204 0x000002658d25dd90 code [0x000002658d25df20, 0x000002658d25dff0]
Event: 24.361 Thread 0x000002659a8ef130 9205       3       java.lang.invoke.DelegatingMethodHandle$Holder::reinvoke_L (20 bytes)
Event: 24.361 Thread 0x000002659a8ef130 nmethod 9205 0x0000026585dcf490 code [0x0000026585dcf660, 0x0000026585dcfac0]
Event: 24.361 Thread 0x000002659a8ef130 9207       3       javax.management.ObjectName::addProperty (80 bytes)
Event: 24.361 Thread 0x000002659a8ef130 nmethod 9207 0x0000026585dce810 code [0x0000026585dcea40, 0x0000026585dcf1d8]
Event: 24.361 Thread 0x000002659a8ef130 9206       3       java.lang.invoke.LambdaForm$MH/0x000002659c0e6800::invoke (45 bytes)
Event: 24.361 Thread 0x000002659a8ef130 nmethod 9206 0x0000026585dcdd10 code [0x0000026585dcdf00, 0x0000026585dce5d8]

GC Heap History (20 events):
Event: 12.997 GC heap before
{Heap before GC invocations=9 (full 0):
 garbage-first heap   total 103424K, used 88650K [0x0000000080000000, 0x0000000100000000)
  region size 1024K, 57 young (58368K), 8 survivors (8192K)
 Metaspace       used 47663K, committed 49088K, reserved 1114112K
  class space    used 6871K, committed 7552K, reserved 1048576K
}
Event: 13.003 GC heap after
{Heap after GC invocations=10 (full 0):
 garbage-first heap   total 103424K, used 42101K [0x0000000080000000, 0x0000000100000000)
  region size 1024K, 5 young (5120K), 5 survivors (5120K)
 Metaspace       used 47663K, committed 49088K, reserved 1114112K
  class space    used 6871K, committed 7552K, reserved 1048576K
}
Event: 14.373 GC heap before
{Heap before GC invocations=10 (full 0):
 garbage-first heap   total 103424K, used 90229K [0x0000000080000000, 0x0000000100000000)
  region size 1024K, 51 young (52224K), 5 survivors (5120K)
 Metaspace       used 53760K, committed 55360K, reserved 1114112K
  class space    used 7798K, committed 8576K, reserved 1048576K
}
Event: 14.377 GC heap after
{Heap after GC invocations=11 (full 0):
 garbage-first heap   total 103424K, used 45660K [0x0000000080000000, 0x0000000100000000)
  region size 1024K, 4 young (4096K), 4 survivors (4096K)
 Metaspace       used 53760K, committed 55360K, reserved 1114112K
  class space    used 7798K, committed 8576K, reserved 1048576K
}
Event: 16.268 GC heap before
{Heap before GC invocations=11 (full 0):
 garbage-first heap   total 103424K, used 87644K [0x0000000080000000, 0x0000000100000000)
  region size 1024K, 43 young (44032K), 4 survivors (4096K)
 Metaspace       used 55374K, committed 57024K, reserved 1114112K
  class space    used 7964K, committed 8768K, reserved 1048576K
}
Event: 16.274 GC heap after
{Heap after GC invocations=12 (full 0):
 garbage-first heap   total 103424K, used 57172K [0x0000000080000000, 0x0000000100000000)
  region size 1024K, 6 young (6144K), 6 survivors (6144K)
 Metaspace       used 55374K, committed 57024K, reserved 1114112K
  class space    used 7964K, committed 8768K, reserved 1048576K
}
Event: 16.899 GC heap before
{Heap before GC invocations=13 (full 0):
 garbage-first heap   total 103424K, used 90964K [0x0000000080000000, 0x0000000100000000)
  region size 1024K, 37 young (37888K), 6 survivors (6144K)
 Metaspace       used 57782K, committed 59520K, reserved 1114112K
  class space    used 8311K, committed 9152K, reserved 1048576K
}
Event: 16.903 GC heap after
{Heap after GC invocations=14 (full 0):
 garbage-first heap   total 103424K, used 62514K [0x0000000080000000, 0x0000000100000000)
  region size 1024K, 3 young (3072K), 3 survivors (3072K)
 Metaspace       used 57782K, committed 59520K, reserved 1114112K
  class space    used 8311K, committed 9152K, reserved 1048576K
}
Event: 17.568 GC heap before
{Heap before GC invocations=14 (full 0):
 garbage-first heap   total 103424K, used 91186K [0x0000000080000000, 0x0000000100000000)
  region size 1024K, 31 young (31744K), 3 survivors (3072K)
 Metaspace       used 60903K, committed 62592K, reserved 1114112K
  class space    used 8668K, committed 9472K, reserved 1048576K
}
Event: 17.571 GC heap after
{Heap after GC invocations=15 (full 0):
 garbage-first heap   total 103424K, used 62257K [0x0000000080000000, 0x0000000100000000)
  region size 1024K, 1 young (1024K), 1 survivors (1024K)
 Metaspace       used 60903K, committed 62592K, reserved 1114112K
  class space    used 8668K, committed 9472K, reserved 1048576K
}
Event: 18.379 GC heap before
{Heap before GC invocations=15 (full 0):
 garbage-first heap   total 103424K, used 90929K [0x0000000080000000, 0x0000000100000000)
  region size 1024K, 31 young (31744K), 1 survivors (1024K)
 Metaspace       used 64499K, committed 66368K, reserved 1114112K
  class space    used 9193K, committed 10112K, reserved 1048576K
}
Event: 18.382 GC heap after
{Heap after GC invocations=16 (full 0):
 garbage-first heap   total 103424K, used 64606K [0x0000000080000000, 0x0000000100000000)
  region size 1024K, 4 young (4096K), 4 survivors (4096K)
 Metaspace       used 64499K, committed 66368K, reserved 1114112K
  class space    used 9193K, committed 10112K, reserved 1048576K
}
Event: 18.794 GC heap before
{Heap before GC invocations=17 (full 0):
 garbage-first heap   total 116736K, used 97374K [0x0000000080000000, 0x0000000100000000)
  region size 1024K, 30 young (30720K), 4 survivors (4096K)
 Metaspace       used 65553K, committed 67392K, reserved 1114112K
  class space    used 9337K, committed 10240K, reserved 1048576K
}
Event: 18.800 GC heap after
{Heap after GC invocations=18 (full 0):
 garbage-first heap   total 116736K, used 67382K [0x0000000080000000, 0x0000000100000000)
  region size 1024K, 4 young (4096K), 4 survivors (4096K)
 Metaspace       used 65553K, committed 67392K, reserved 1114112K
  class space    used 9337K, committed 10240K, reserved 1048576K
}
Event: 19.618 GC heap before
{Heap before GC invocations=18 (full 0):
 garbage-first heap   total 116736K, used 100150K [0x0000000080000000, 0x0000000100000000)
  region size 1024K, 36 young (36864K), 4 survivors (4096K)
 Metaspace       used 67895K, committed 69696K, reserved 1114112K
  class space    used 9650K, committed 10560K, reserved 1048576K
}
Event: 19.622 GC heap after
{Heap after GC invocations=19 (full 0):
 garbage-first heap   total 116736K, used 69023K [0x0000000080000000, 0x0000000100000000)
  region size 1024K, 2 young (2048K), 2 survivors (2048K)
 Metaspace       used 67895K, committed 69696K, reserved 1114112K
  class space    used 9650K, committed 10560K, reserved 1048576K
}
Event: 20.345 GC heap before
{Heap before GC invocations=19 (full 0):
 garbage-first heap   total 116736K, used 101791K [0x0000000080000000, 0x0000000100000000)
  region size 1024K, 34 young (34816K), 2 survivors (2048K)
 Metaspace       used 68814K, committed 70720K, reserved 1114112K
  class space    used 9772K, committed 10688K, reserved 1048576K
}
Event: 20.349 GC heap after
{Heap after GC invocations=20 (full 0):
 garbage-first heap   total 116736K, used 72111K [0x0000000080000000, 0x0000000100000000)
  region size 1024K, 5 young (5120K), 5 survivors (5120K)
 Metaspace       used 68814K, committed 70720K, reserved 1114112K
  class space    used 9772K, committed 10688K, reserved 1048576K
}
Event: 21.064 GC heap before
{Heap before GC invocations=21 (full 0):
 garbage-first heap   total 121856K, used 103855K [0x0000000080000000, 0x0000000100000000)
  region size 1024K, 36 young (36864K), 5 survivors (5120K)
 Metaspace       used 69259K, committed 71104K, reserved 1114112K
  class space    used 9823K, committed 10752K, reserved 1048576K
}
Event: 21.069 GC heap after
{Heap after GC invocations=22 (full 0):
 garbage-first heap   total 121856K, used 74907K [0x0000000080000000, 0x0000000100000000)
  region size 1024K, 3 young (3072K), 3 survivors (3072K)
 Metaspace       used 69259K, committed 71104K, reserved 1114112K
  class space    used 9823K, committed 10752K, reserved 1048576K
}

Dll operation events (14 events):
Event: 0.026 Loaded shared library C:\Users\lenovo\.trae\extensions\redhat.java-1.44.0-win32-x64\jre\21.0.8-win32-x86_64\bin\java.dll
Event: 0.058 Loaded shared library C:\Users\lenovo\.trae\extensions\redhat.java-1.44.0-win32-x64\jre\21.0.8-win32-x86_64\bin\zip.dll
Event: 0.112 Loaded shared library C:\Users\lenovo\.trae\extensions\redhat.java-1.44.0-win32-x64\jre\21.0.8-win32-x86_64\bin\instrument.dll
Event: 0.119 Loaded shared library C:\Users\lenovo\.trae\extensions\redhat.java-1.44.0-win32-x64\jre\21.0.8-win32-x86_64\bin\net.dll
Event: 0.123 Loaded shared library C:\Users\lenovo\.trae\extensions\redhat.java-1.44.0-win32-x64\jre\21.0.8-win32-x86_64\bin\nio.dll
Event: 0.127 Loaded shared library C:\Users\lenovo\.trae\extensions\redhat.java-1.44.0-win32-x64\jre\21.0.8-win32-x86_64\bin\zip.dll
Event: 0.412 Loaded shared library C:\Users\lenovo\.trae\extensions\redhat.java-1.44.0-win32-x64\jre\21.0.8-win32-x86_64\bin\jimage.dll
Event: 0.546 Loaded shared library C:\Users\lenovo\.trae\extensions\redhat.java-1.44.0-win32-x64\jre\21.0.8-win32-x86_64\bin\verify.dll
Event: 0.956 Loaded shared library C:\Users\lenovo\.gradle\native\c067742578af261105cb4f569cf0c3c89f3d7b1fecec35dd04571415982c5e48\windows-amd64\native-platform.dll
Event: 0.965 Loaded shared library C:\Users\lenovo\.gradle\native\38dada09dfb8b06ba9b0570ebf7e218e3eb74d4ef43ca46872605cf95ebc2f47\windows-amd64\native-platform-file-events.dll
Event: 4.306 Loaded shared library C:\Users\lenovo\.trae\extensions\redhat.java-1.44.0-win32-x64\jre\21.0.8-win32-x86_64\bin\management.dll
Event: 4.310 Loaded shared library C:\Users\lenovo\.trae\extensions\redhat.java-1.44.0-win32-x64\jre\21.0.8-win32-x86_64\bin\management_ext.dll
Event: 4.608 Loaded shared library C:\Users\lenovo\.trae\extensions\redhat.java-1.44.0-win32-x64\jre\21.0.8-win32-x86_64\bin\extnet.dll
Event: 5.774 Loaded shared library C:\Users\lenovo\.trae\extensions\redhat.java-1.44.0-win32-x64\jre\21.0.8-win32-x86_64\bin\sunmscapi.dll

Deoptimization events (20 events):
Event: 20.458 Thread 0x00000265e07961c0 Uncommon trap: trap_request=0xfffffff4 fr.pc=0x000002658d49a928 relative=0x0000000000000608
Event: 20.458 Thread 0x00000265e07961c0 Uncommon trap: reason=null_check action=make_not_entrant pc=0x000002658d49a928 method=java.lang.PublicMethods$MethodList.getMostSpecific()Ljava/lang/reflect/Method; @ 41 c2
Event: 20.458 Thread 0x00000265e07961c0 DEOPT PACKING pc=0x000002658d49a928 sp=0x000000ae2c7f5be0
Event: 20.458 Thread 0x00000265e07961c0 DEOPT UNPACKING pc=0x000002658cbe46a2 sp=0x000000ae2c7f5aa0 mode 2
Event: 20.459 Thread 0x00000265e07961c0 Uncommon trap: trap_request=0xfffffff4 fr.pc=0x000002658d36f6bc relative=0x00000000000001fc
Event: 20.459 Thread 0x00000265e07961c0 Uncommon trap: reason=null_check action=make_not_entrant pc=0x000002658d36f6bc method=java.lang.PublicMethods$MethodList.getMostSpecific()Ljava/lang/reflect/Method; @ 41 c2
Event: 20.459 Thread 0x00000265e07961c0 DEOPT PACKING pc=0x000002658d36f6bc sp=0x000000ae2c7f5b80
Event: 20.459 Thread 0x00000265e07961c0 DEOPT UNPACKING pc=0x000002658cbe46a2 sp=0x000000ae2c7f5a98 mode 2
Event: 20.749 Thread 0x00000265e07961c0 DEOPT PACKING pc=0x0000026585e4d43c sp=0x000000ae2c7f6100
Event: 20.749 Thread 0x00000265e07961c0 DEOPT UNPACKING pc=0x000002658cbe4e42 sp=0x000000ae2c7f55a0 mode 0
Event: 20.756 Thread 0x00000265e07961c0 Uncommon trap: trap_request=0xffffff45 fr.pc=0x000002658d240264 relative=0x00000000000022e4
Event: 20.756 Thread 0x00000265e07961c0 Uncommon trap: reason=unstable_if action=reinterpret pc=0x000002658d240264 method=java.lang.PublicMethods$MethodList.getMostSpecific()Ljava/lang/reflect/Method; @ 35 c2
Event: 20.756 Thread 0x00000265e07961c0 DEOPT PACKING pc=0x000002658d240264 sp=0x000000ae2c7f51d0
Event: 20.756 Thread 0x00000265e07961c0 DEOPT UNPACKING pc=0x000002658cbe46a2 sp=0x000000ae2c7f50b0 mode 2
Event: 20.756 Thread 0x00000265e07961c0 Uncommon trap: trap_request=0xffffff45 fr.pc=0x000002658d1e8bac relative=0x00000000000001ec
Event: 20.756 Thread 0x00000265e07961c0 Uncommon trap: reason=unstable_if action=reinterpret pc=0x000002658d1e8bac method=java.lang.PublicMethods$MethodList.getMostSpecific()Ljava/lang/reflect/Method; @ 35 c2
Event: 20.756 Thread 0x00000265e07961c0 DEOPT PACKING pc=0x000002658d1e8bac sp=0x000000ae2c7f5170
Event: 20.756 Thread 0x00000265e07961c0 DEOPT UNPACKING pc=0x000002658cbe46a2 sp=0x000000ae2c7f50a8 mode 2
Event: 21.388 Thread 0x00000265e07961c0 DEOPT PACKING pc=0x0000026585e2b8d6 sp=0x000000ae2c7f8200
Event: 21.388 Thread 0x00000265e07961c0 DEOPT UNPACKING pc=0x000002658cbe4e42 sp=0x000000ae2c7f77b0 mode 0

Classes loaded (20 events):
Event: 18.768 Loading class java/lang/foreign/ValueLayout
Event: 18.768 Loading class java/lang/foreign/MemoryLayout
Event: 18.768 Loading class java/lang/foreign/MemoryLayout done
Event: 18.769 Loading class java/lang/foreign/ValueLayout done
Event: 19.237 Loading class java/security/KeyStore
Event: 19.238 Loading class java/security/KeyStore done
Event: 19.614 Loading class javax/xml/stream/XMLStreamException
Event: 19.614 Loading class javax/xml/stream/XMLStreamException done
Event: 19.652 Loading class sun/reflect/annotation/AnnotationInvocationHandler$1
Event: 19.652 Loading class sun/reflect/annotation/AnnotationInvocationHandler$1 done
Event: 20.480 Loading class java/beans/IntrospectionException
Event: 20.480 Loading class java/beans/IntrospectionException done
Event: 20.786 Loading class java/util/AbstractSetBeanInfo
Event: 20.786 Loading class java/util/AbstractSetBeanInfo done
Event: 20.786 Loading class java/util/AbstractSetBeanInfo
Event: 20.786 Loading class java/util/AbstractSetBeanInfo done
Event: 20.786 Loading class java/util/AbstractSetCustomizer
Event: 20.786 Loading class java/util/AbstractSetCustomizer done
Event: 20.787 Loading class java/util/AbstractSetCustomizer
Event: 20.787 Loading class java/util/AbstractSetCustomizer done

Classes unloaded (5 events):
Event: 16.306 Thread 0x000002659a4e5370 Unloading class 0x000002659c609000 '_BuildScript_$_run_closure1$_closure2'
Event: 16.306 Thread 0x000002659a4e5370 Unloading class 0x000002659c608ab0 '_BuildScript_$_run_closure1'
Event: 16.306 Thread 0x000002659a4e5370 Unloading class 0x000002659c608578 '_BuildScript_'
Event: 16.306 Thread 0x000002659a4e5370 Unloading class 0x000002659c6082b8 'GradleAnnotationProcessorPatchPlugin$AnnotationProcessorModelBuilder'
Event: 16.306 Thread 0x000002659a4e5370 Unloading class 0x000002659c608000 'GradleAnnotationProcessorPatchPlugin'

Classes redefined (0 events):
No events

Internal exceptions (20 events):
Event: 20.773 Thread 0x00000265e07961c0 Exception <a 'java/lang/ClassNotFoundException'{0x00000000852c33c0}: com/android/build/gradle/internal/dsl/ResourcesPackagingImpl$AgpDecorated_DecoratedBeanInfo> (0x00000000852c33c0) 
thrown [s\src\hotspot\share\classfile\systemDictionary.cpp, line 312]
Event: 20.774 Thread 0x00000265e07961c0 Exception <a 'java/lang/ClassNotFoundException'{0x00000000852d4718}: com/android/build/gradle/internal/dsl/ResourcesPackagingImpl$AgpDecoratedBeanInfo> (0x00000000852d4718) 
thrown [s\src\hotspot\share\classfile\systemDictionary.cpp, line 312]
Event: 20.775 Thread 0x00000265e07961c0 Exception <a 'java/lang/ClassNotFoundException'{0x00000000852e57d0}: com/android/build/gradle/internal/dsl/ResourcesPackagingImplBeanInfo> (0x00000000852e57d0) 
thrown [s\src\hotspot\share\classfile\systemDictionary.cpp, line 312]
Event: 20.776 Thread 0x00000265e07961c0 Exception <a 'java/lang/ClassNotFoundException'{0x00000000852f6898}: com/android/build/gradle/internal/dsl/ResourcesPackagingImplCustomizer> (0x00000000852f6898) 
thrown [s\src\hotspot\share\classfile\systemDictionary.cpp, line 312]
Event: 20.778 Thread 0x00000265e07961c0 Exception <a 'java/lang/ClassNotFoundException'{0x000000008510e1a0}: com/android/build/gradle/internal/dsl/ResourcesPackagingImpl$AgpDecoratedCustomizer> (0x000000008510e1a0) 
thrown [s\src\hotspot\share\classfile\systemDictionary.cpp, line 312]
Event: 20.779 Thread 0x00000265e07961c0 Exception <a 'java/lang/ClassNotFoundException'{0x000000008512c940}: com/android/build/gradle/internal/dsl/ResourcesPackagingImpl$AgpDecorated_DecoratedCustomizer> (0x000000008512c940) 
thrown [s\src\hotspot\share\classfile\systemDictionary.cpp, line 312]
Event: 20.786 Thread 0x00000265e07961c0 Exception <a 'java/lang/ClassNotFoundException'{0x0000000085002e68}: com/android/build/gradle/internal/dsl/decorator/LockableSetBeanInfo> (0x0000000085002e68) 
thrown [s\src\hotspot\share\classfile\systemDictionary.cpp, line 312]
Event: 20.786 Thread 0x00000265e07961c0 Exception <a 'java/lang/ClassNotFoundException'{0x000000008500dab8}: java/util/AbstractSetBeanInfo> (0x000000008500dab8) 
thrown [s\src\hotspot\share\classfile\systemDictionary.cpp, line 312]
Event: 20.787 Thread 0x00000265e07961c0 Exception <a 'java/lang/ClassNotFoundException'{0x00000000850189e8}: java/util/AbstractSetCustomizer> (0x00000000850189e8) 
thrown [s\src\hotspot\share\classfile\systemDictionary.cpp, line 312]
Event: 20.789 Thread 0x00000265e07961c0 Exception <a 'java/lang/ClassNotFoundException'{0x0000000085045d58}: com/android/build/gradle/internal/dsl/decorator/LockableSetCustomizer> (0x0000000085045d58) 
thrown [s\src\hotspot\share\classfile\systemDictionary.cpp, line 312]
Event: 20.824 Thread 0x00000265e07961c0 Exception <a 'java/lang/ClassNotFoundException'{0x00000000850f11d0}: org/gradle/api/internal/artifacts/dsl/dependencies/DefaultDependencyHandler_DecoratedBeanInfo> (0x00000000850f11d0) 
thrown [s\src\hotspot\share\classfile\systemDictionary.cpp, line 312]
Event: 20.826 Thread 0x00000265e07961c0 Exception <a 'java/lang/ClassNotFoundException'{0x0000000084f07d28}: org/gradle/api/internal/artifacts/dsl/dependencies/DefaultDependencyHandlerBeanInfo> (0x0000000084f07d28) 
thrown [s\src\hotspot\share\classfile\systemDictionary.cpp, line 312]
Event: 20.827 Thread 0x00000265e07961c0 Exception <a 'java/lang/ClassNotFoundException'{0x0000000084f1e5f8}: org/gradle/api/internal/artifacts/dsl/dependencies/DefaultDependencyHandlerCustomizer> (0x0000000084f1e5f8) 
thrown [s\src\hotspot\share\classfile\systemDictionary.cpp, line 312]
Event: 20.831 Thread 0x00000265e07961c0 Exception <a 'java/lang/ClassNotFoundException'{0x0000000084f67378}: org/gradle/api/internal/artifacts/dsl/dependencies/DefaultDependencyHandler_DecoratedCustomizer> (0x0000000084f67378) 
thrown [s\src\hotspot\share\classfile\systemDictionary.cpp, line 312]
Event: 20.878 Thread 0x00000265e07961c0 Exception <a 'java/lang/ClassNotFoundException'{0x0000000084febd08}: org/gradle/accessors/dm/LibrariesForLibs$ExtLibraryAccessorsBeanInfo> (0x0000000084febd08) 
thrown [s\src\hotspot\share\classfile\systemDictionary.cpp, line 312]
Event: 20.879 Thread 0x00000265e07961c0 Exception <a 'java/lang/ClassNotFoundException'{0x0000000084e029c0}: org/gradle/api/internal/catalog/AbstractExternalDependencyFactory$SubDependencyFactoryBeanInfo> (0x0000000084e029c0) 
thrown [s\src\hotspot\share\classfile\systemDictionary.cpp, line 312]
Event: 20.881 Thread 0x00000265e07961c0 Exception <a 'java/lang/ClassNotFoundException'{0x0000000084e19748}: org/gradle/api/internal/catalog/AbstractExternalDependencyFactory$SubDependencyFactoryCustomizer> (0x0000000084e19748) 
thrown [s\src\hotspot\share\classfile\systemDictionary.cpp, line 312]
Event: 20.882 Thread 0x00000265e07961c0 Exception <a 'java/lang/ClassNotFoundException'{0x0000000084e2ea38}: org/gradle/accessors/dm/LibrariesForLibs$ExtLibraryAccessorsCustomizer> (0x0000000084e2ea38) 
thrown [s\src\hotspot\share\classfile\systemDictionary.cpp, line 312]
Event: 20.887 Thread 0x00000265e07961c0 Exception <a 'java/lang/ClassNotFoundException'{0x0000000084e4ea00}: org/gradle/accessors/dm/LibrariesForLibs$EspressoLibraryAccessorsBeanInfo> (0x0000000084e4ea00) 
thrown [s\src\hotspot\share\classfile\systemDictionary.cpp, line 312]
Event: 20.903 Thread 0x00000265e07961c0 Exception <a 'java/lang/ClassNotFoundException'{0x0000000084e611c8}: org/gradle/accessors/dm/LibrariesForLibs$EspressoLibraryAccessorsCustomizer> (0x0000000084e611c8) 
thrown [s\src\hotspot\share\classfile\systemDictionary.cpp, line 312]

ZGC Phase Switch (0 events):
No events

VM Operations (20 events):
Event: 18.452 Executing VM operation: G1PauseCleanup
Event: 18.452 Executing VM operation: G1PauseCleanup done
Event: 18.794 Executing VM operation: G1CollectForAllocation (G1 Evacuation Pause)
Event: 18.800 Executing VM operation: G1CollectForAllocation (G1 Evacuation Pause) done
Event: 19.618 Executing VM operation: G1CollectForAllocation (G1 Evacuation Pause)
Event: 19.622 Executing VM operation: G1CollectForAllocation (G1 Evacuation Pause) done
Event: 20.345 Executing VM operation: G1CollectForAllocation (G1 Evacuation Pause)
Event: 20.349 Executing VM operation: G1CollectForAllocation (G1 Evacuation Pause) done
Event: 20.397 Executing VM operation: G1PauseRemark
Event: 20.406 Executing VM operation: G1PauseRemark done
Event: 20.430 Executing VM operation: G1PauseCleanup
Event: 20.430 Executing VM operation: G1PauseCleanup done
Event: 20.795 Executing VM operation: HandshakeAllThreads (Deoptimize)
Event: 20.795 Executing VM operation: HandshakeAllThreads (Deoptimize) done
Event: 21.005 Executing VM operation: HandshakeAllThreads (Deoptimize)
Event: 21.005 Executing VM operation: HandshakeAllThreads (Deoptimize) done
Event: 21.064 Executing VM operation: G1CollectForAllocation (G1 Evacuation Pause)
Event: 21.069 Executing VM operation: G1CollectForAllocation (G1 Evacuation Pause) done
Event: 22.072 Executing VM operation: Cleanup
Event: 22.445 Executing VM operation: Cleanup done

Memory protections (0 events):
No events

Nmethod flushes (20 events):
Event: 20.405 Thread 0x000002659a4e5370 flushing  nmethod 0x0000026585d13d10
Event: 20.405 Thread 0x000002659a4e5370 flushing  nmethod 0x0000026586128a10
Event: 20.405 Thread 0x000002659a4e5370 flushing  nmethod 0x0000026586173410
Event: 20.405 Thread 0x000002659a4e5370 flushing  nmethod 0x000002658d28bd90
Event: 20.405 Thread 0x000002659a4e5370 flushing  nmethod 0x000002658d416190
Event: 20.405 Thread 0x000002659a4e5370 flushing  nmethod 0x00000265858eeb90
Event: 20.405 Thread 0x000002659a4e5370 flushing  nmethod 0x00000265858f3810
Event: 20.405 Thread 0x000002659a4e5370 flushing  nmethod 0x0000026585952090
Event: 20.405 Thread 0x000002659a4e5370 flushing  nmethod 0x0000026585955290
Event: 20.405 Thread 0x000002659a4e5370 flushing  nmethod 0x0000026585c80310
Event: 20.405 Thread 0x000002659a4e5370 flushing  nmethod 0x0000026585c9a790
Event: 20.405 Thread 0x000002659a4e5370 flushing  nmethod 0x0000026585eb0810
Event: 20.405 Thread 0x000002659a4e5370 flushing  nmethod 0x000002658d36f310
Event: 20.405 Thread 0x000002659a4e5370 flushing  nmethod 0x000002658d483e10
Event: 20.405 Thread 0x000002659a4e5370 flushing  nmethod 0x000002658d489c90
Event: 20.405 Thread 0x000002659a4e5370 flushing  nmethod 0x000002658575fc10
Event: 20.405 Thread 0x000002659a4e5370 flushing  nmethod 0x00000265858ca790
Event: 20.405 Thread 0x000002659a4e5370 flushing  nmethod 0x0000026585a60510
Event: 20.405 Thread 0x000002659a4e5370 flushing  nmethod 0x0000026585abf310
Event: 20.405 Thread 0x000002659a4e5370 flushing  nmethod 0x0000026585ca1390

Events (20 events):
Event: 15.138 Thread 0x00000265e07961c0 Thread added: 0x00000265e50d72d0
Event: 15.139 Thread 0x00000265e07961c0 Thread added: 0x00000265e50d8680
Event: 15.139 Thread 0x00000265e07961c0 Thread added: 0x00000265e50d7960
Event: 15.526 Thread 0x00000265e07961c0 Thread added: 0x00000265e3f66c90
Event: 15.526 Thread 0x00000265e07961c0 Thread added: 0x00000265e3f66600
Event: 15.527 Thread 0x00000265e07961c0 Thread added: 0x00000265e3f658e0
Event: 15.527 Thread 0x00000265e07961c0 Thread added: 0x00000265e3f64bc0
Event: 15.527 Thread 0x00000265e07961c0 Thread added: 0x00000265e3f67320
Event: 15.527 Thread 0x00000265e07961c0 Thread added: 0x00000265e3f679b0
Event: 15.528 Thread 0x00000265e07961c0 Thread added: 0x00000265e3f64530
Event: 16.031 Thread 0x000002659a8ef800 Thread exited: 0x000002659a8ef800
Event: 17.492 Thread 0x000002659a8ef130 Thread added: 0x000002659a8ef800
Event: 17.825 Thread 0x000002659a8ef130 Thread added: 0x000002659a8ec180
Event: 18.013 Thread 0x00000265e07961c0 Thread added: 0x00000265e3f686d0
Event: 18.085 Thread 0x000002659a8ec180 Thread exited: 0x000002659a8ec180
Event: 18.403 Thread 0x000002659a8ef800 Thread added: 0x000002659a8ecf20
Event: 19.336 Thread 0x000002659a8ecf20 Thread exited: 0x000002659a8ecf20
Event: 19.336 Thread 0x000002659a8ef800 Thread exited: 0x000002659a8ef800
Event: 19.486 Thread 0x000002659a8ef130 Thread added: 0x000002659a8ef800
Event: 20.165 Thread 0x000002659a8ef130 Thread added: 0x000002659a8ec180


Dynamic libraries:
0x00007ff6f0580000 - 0x00007ff6f058e000 	C:\Users\lenovo\.trae\extensions\redhat.java-1.44.0-win32-x64\jre\21.0.8-win32-x86_64\bin\java.exe
0x00007fff70900000 - 0x00007fff70b68000 	C:\Windows\SYSTEM32\ntdll.dll
0x00007fff6e6e0000 - 0x00007fff6e7a9000 	C:\Windows\System32\KERNEL32.DLL
0x00007fff6dcc0000 - 0x00007fff6e0ad000 	C:\Windows\System32\KERNELBASE.dll
0x00007fff6e0b0000 - 0x00007fff6e1fb000 	C:\Windows\System32\ucrtbase.dll
0x00007fff4fa90000 - 0x00007fff4faa8000 	C:\Users\lenovo\.trae\extensions\redhat.java-1.44.0-win32-x64\jre\21.0.8-win32-x86_64\bin\jli.dll
0x00007fff4f660000 - 0x00007fff4f67e000 	C:\Users\lenovo\.trae\extensions\redhat.java-1.44.0-win32-x64\jre\21.0.8-win32-x86_64\bin\VCRUNTIME140.dll
0x00007fff6ffe0000 - 0x00007fff701ac000 	C:\Windows\System32\USER32.dll
0x00007fff6dbd0000 - 0x00007fff6dbf7000 	C:\Windows\System32\win32u.dll
0x00007fff70810000 - 0x00007fff7083b000 	C:\Windows\System32\GDI32.dll
0x00007fff6e2a0000 - 0x00007fff6e3d7000 	C:\Windows\System32\gdi32full.dll
0x00007fff6e560000 - 0x00007fff6e603000 	C:\Windows\System32\msvcp_win.dll
0x00007fff493f0000 - 0x00007fff4968a000 	C:\Windows\WinSxS\amd64_microsoft.windows.common-controls_6595b64144ccf1df_6.0.26100.4484_none_3e0e6d4ce32ef3b3\COMCTL32.dll
0x00007fff6ff20000 - 0x00007fff6ffc9000 	C:\Windows\System32\msvcrt.dll
0x00007fff6e6a0000 - 0x00007fff6e6cf000 	C:\Windows\System32\IMM32.DLL
0x0000000064070000 - 0x000000006407d000 	C:\Program Files (x86)\360\360Safe\safemon\SafeWrapper.dll
0x00007fff6ec40000 - 0x00007fff6ecf4000 	C:\Windows\System32\ADVAPI32.dll
0x00007fff70510000 - 0x00007fff705b6000 	C:\Windows\System32\sechost.dll
0x00007fff70390000 - 0x00007fff704a8000 	C:\Windows\System32\RPCRT4.dll
0x00007fff3e8a0000 - 0x00007fff3e9a5000 	C:\Program Files (x86)\360\360Safe\safemon\libzdtp64.dll
0x00007fff6f190000 - 0x00007fff6f8da000 	C:\Windows\System32\SHELL32.dll
0x00007fff6e3e0000 - 0x00007fff6e554000 	C:\Windows\System32\wintypes.dll
0x00007fff6fb80000 - 0x00007fff6ff06000 	C:\Windows\System32\combase.dll
0x00007fff6f8e0000 - 0x00007fff6f94a000 	C:\Windows\System32\SHLWAPI.dll
0x00007fff65e30000 - 0x00007fff65e3b000 	C:\Windows\SYSTEM32\VERSION.dll
0x00007fff626a0000 - 0x00007fff626ac000 	C:\Users\lenovo\.trae\extensions\redhat.java-1.44.0-win32-x64\jre\21.0.8-win32-x86_64\bin\vcruntime140_1.dll
0x00007fff35e70000 - 0x00007fff35efd000 	C:\Users\lenovo\.trae\extensions\redhat.java-1.44.0-win32-x64\jre\21.0.8-win32-x86_64\bin\msvcp140.dll
0x00007ffe914f0000 - 0x00007ffe92287000 	C:\Users\lenovo\.trae\extensions\redhat.java-1.44.0-win32-x64\jre\21.0.8-win32-x86_64\bin\server\jvm.dll
0x00007fff706d0000 - 0x00007fff70744000 	C:\Windows\System32\WS2_32.dll
0x00007fff6d8a0000 - 0x00007fff6d8fe000 	C:\Windows\SYSTEM32\POWRPROF.dll
0x00007fff66fd0000 - 0x00007fff67005000 	C:\Windows\SYSTEM32\WINMM.dll
0x00007fff6d880000 - 0x00007fff6d894000 	C:\Windows\SYSTEM32\UMPDC.dll
0x00007fff6c7f0000 - 0x00007fff6c80b000 	C:\Windows\SYSTEM32\kernel.appcore.dll
0x00007fff62800000 - 0x00007fff6280a000 	C:\Users\lenovo\.trae\extensions\redhat.java-1.44.0-win32-x64\jre\21.0.8-win32-x86_64\bin\jimage.dll
0x00007fff6b090000 - 0x00007fff6b2d1000 	C:\Windows\SYSTEM32\DBGHELP.DLL
0x00007fff6f0a0000 - 0x00007fff6f180000 	C:\Windows\System32\OLEAUT32.dll
0x00007fff4bb20000 - 0x00007fff4bb63000 	C:\Windows\SYSTEM32\dbgcore.DLL
0x00007fff6e200000 - 0x00007fff6e299000 	C:\Windows\System32\bcryptPrimitives.dll
0x00007fff62350000 - 0x00007fff6235f000 	C:\Users\lenovo\.trae\extensions\redhat.java-1.44.0-win32-x64\jre\21.0.8-win32-x86_64\bin\instrument.dll
0x00007fff4f160000 - 0x00007fff4f17f000 	C:\Users\lenovo\.trae\extensions\redhat.java-1.44.0-win32-x64\jre\21.0.8-win32-x86_64\bin\java.dll
0x00007fff6b690000 - 0x00007fff6beeb000 	C:\Windows\SYSTEM32\windows.storage.dll
0x00007fff705c0000 - 0x00007fff706b5000 	C:\Windows\System32\SHCORE.dll
0x00007fff6d960000 - 0x00007fff6d98f000 	C:\Windows\SYSTEM32\profapi.dll
0x00007fff4be60000 - 0x00007fff4be78000 	C:\Users\lenovo\.trae\extensions\redhat.java-1.44.0-win32-x64\jre\21.0.8-win32-x86_64\bin\zip.dll
0x00007fff5cfe0000 - 0x00007fff5cff0000 	C:\Users\lenovo\.trae\extensions\redhat.java-1.44.0-win32-x64\jre\21.0.8-win32-x86_64\bin\net.dll
0x00007fff659f0000 - 0x00007fff65b0e000 	C:\Windows\SYSTEM32\WINHTTP.dll
0x00007fff6cd80000 - 0x00007fff6cdea000 	C:\Windows\system32\mswsock.dll
0x00007fff49710000 - 0x00007fff49726000 	C:\Users\lenovo\.trae\extensions\redhat.java-1.44.0-win32-x64\jre\21.0.8-win32-x86_64\bin\nio.dll
0x00007fff5d030000 - 0x00007fff5d040000 	C:\Users\lenovo\.trae\extensions\redhat.java-1.44.0-win32-x64\jre\21.0.8-win32-x86_64\bin\verify.dll
0x00007fff62790000 - 0x00007fff627b7000 	C:\Users\lenovo\.gradle\native\c067742578af261105cb4f569cf0c3c89f3d7b1fecec35dd04571415982c5e48\windows-amd64\native-platform.dll
0x00007fff18a00000 - 0x00007fff18b44000 	C:\Users\lenovo\.gradle\native\38dada09dfb8b06ba9b0570ebf7e218e3eb74d4ef43ca46872605cf95ebc2f47\windows-amd64\native-platform-file-events.dll
0x00007fff5bf30000 - 0x00007fff5bf3a000 	C:\Users\lenovo\.trae\extensions\redhat.java-1.44.0-win32-x64\jre\21.0.8-win32-x86_64\bin\management.dll
0x00007fff5be30000 - 0x00007fff5be3b000 	C:\Users\lenovo\.trae\extensions\redhat.java-1.44.0-win32-x64\jre\21.0.8-win32-x86_64\bin\management_ext.dll
0x00007fff6ff10000 - 0x00007fff6ff18000 	C:\Windows\System32\PSAPI.DLL
0x00007fff6d030000 - 0x00007fff6d04b000 	C:\Windows\SYSTEM32\CRYPTSP.dll
0x00007fff6c750000 - 0x00007fff6c78b000 	C:\Windows\system32\rsaenh.dll
0x00007fff6ce20000 - 0x00007fff6ce4b000 	C:\Windows\SYSTEM32\USERENV.dll
0x00007fff6d930000 - 0x00007fff6d956000 	C:\Windows\SYSTEM32\bcrypt.dll
0x00007fff6d050000 - 0x00007fff6d05c000 	C:\Windows\SYSTEM32\CRYPTBASE.dll
0x00007fff6c2b0000 - 0x00007fff6c2e3000 	C:\Windows\SYSTEM32\IPHLPAPI.DLL
0x00007fff70800000 - 0x00007fff7080a000 	C:\Windows\System32\NSI.dll
0x00007fff5a730000 - 0x00007fff5a739000 	C:\Users\lenovo\.trae\extensions\redhat.java-1.44.0-win32-x64\jre\21.0.8-win32-x86_64\bin\extnet.dll
0x00007fff5b460000 - 0x00007fff5b46e000 	C:\Users\lenovo\.trae\extensions\redhat.java-1.44.0-win32-x64\jre\21.0.8-win32-x86_64\bin\sunmscapi.dll
0x00007fff6da50000 - 0x00007fff6dbc7000 	C:\Windows\System32\CRYPT32.dll
0x00007fff6d250000 - 0x00007fff6d280000 	C:\Windows\SYSTEM32\ncrypt.dll
0x00007fff6d200000 - 0x00007fff6d23f000 	C:\Windows\SYSTEM32\NTASN1.dll
0x00007fff3aff0000 - 0x00007fff3aff8000 	C:\Windows\system32\wshunix.dll

JVMTI agents:
C:\Users\lenovo\.gradle\wrapper\dists\gradle-8.5-bin\5hry6tgzq0wontdz18qo6fdj9\gradle-8.5\lib\agents\gradle-instrumentation-agent-8.5.jar path:C:\Users\lenovo\.trae\extensions\redhat.java-1.44.0-win32-x64\jre\21.0.8-win32-x86_64\bin\instrument.dll, loaded, initialized, instrumentlib options:none

dbghelp: loaded successfully - version: 4.0.5 - missing functions: none
symbol engine: initialized successfully - sym options: 0x614 - pdb path: .;C:\Users\lenovo\.trae\extensions\redhat.java-1.44.0-win32-x64\jre\21.0.8-win32-x86_64\bin;C:\Windows\SYSTEM32;C:\Windows\WinSxS\amd64_microsoft.windows.common-controls_6595b64144ccf1df_6.0.26100.4484_none_3e0e6d4ce32ef3b3;C:\Program Files (x86)\360\360Safe\safemon;C:\Users\lenovo\.trae\extensions\redhat.java-1.44.0-win32-x64\jre\21.0.8-win32-x86_64\bin\server;C:\Users\lenovo\.gradle\native\c067742578af261105cb4f569cf0c3c89f3d7b1fecec35dd04571415982c5e48\windows-amd64;C:\Users\lenovo\.gradle\native\38dada09dfb8b06ba9b0570ebf7e218e3eb74d4ef43ca46872605cf95ebc2f47\windows-amd64

VM Arguments:
jvm_args: -XX:+UseG1GC --add-opens=java.base/java.util=ALL-UNNAMED --add-opens=java.base/java.lang=ALL-UNNAMED --add-opens=java.base/java.lang.invoke=ALL-UNNAMED --add-opens=java.prefs/java.util.prefs=ALL-UNNAMED --add-opens=java.base/java.nio.charset=ALL-UNNAMED --add-opens=java.base/java.net=ALL-UNNAMED --add-opens=java.base/java.util.concurrent.atomic=ALL-UNNAMED -Xmx2048m -Dfile.encoding=UTF-8 -Duser.country=CN -Duser.language=zh -Duser.variant -javaagent:C:\Users\lenovo\.gradle\wrapper\dists\gradle-8.5-bin\5hry6tgzq0wontdz18qo6fdj9\gradle-8.5\lib\agents\gradle-instrumentation-agent-8.5.jar 
java_command: org.gradle.launcher.daemon.bootstrap.GradleDaemon 8.5
java_class_path (initial): C:\Users\lenovo\.gradle\wrapper\dists\gradle-8.5-bin\5hry6tgzq0wontdz18qo6fdj9\gradle-8.5\lib\gradle-launcher-8.5.jar
Launcher Type: SUN_STANDARD

[Global flags]
     intx CICompilerCount                          = 4                                         {product} {ergonomic}
     uint ConcGCThreads                            = 3                                         {product} {ergonomic}
     uint G1ConcRefinementThreads                  = 10                                        {product} {ergonomic}
   size_t G1HeapRegionSize                         = 1048576                                   {product} {ergonomic}
    uintx GCDrainStackTargetSize                   = 64                                        {product} {ergonomic}
   size_t InitialHeapSize                          = 264241152                                 {product} {ergonomic}
   size_t MarkStackSize                            = 4194304                                   {product} {ergonomic}
   size_t MaxHeapSize                              = 2147483648                                {product} {command line}
   size_t MaxNewSize                               = 1287651328                                {product} {ergonomic}
   size_t MinHeapDeltaBytes                        = 1048576                                   {product} {ergonomic}
   size_t MinHeapSize                              = 8388608                                   {product} {ergonomic}
    uintx NonNMethodCodeHeapSize                   = 5839372                                {pd product} {ergonomic}
    uintx NonProfiledCodeHeapSize                  = 122909434                              {pd product} {ergonomic}
    uintx ProfiledCodeHeapSize                     = 122909434                              {pd product} {ergonomic}
    uintx ReservedCodeCacheSize                    = 251658240                              {pd product} {ergonomic}
     bool SegmentedCodeCache                       = true                                      {product} {ergonomic}
   size_t SoftMaxHeapSize                          = 2147483648                             {manageable} {ergonomic}
     bool UseCompressedOops                        = true                           {product lp64_product} {ergonomic}
     bool UseG1GC                                  = true                                      {product} {command line}
     bool UseLargePagesIndividualAllocation        = false                                  {pd product} {ergonomic}

Logging:
Log output configuration:
 #0: stdout all=warning uptime,level,tags foldmultilines=false
 #1: stderr all=off uptime,level,tags foldmultilines=false

Environment Variables:
JAVA_HOME=C:\Users\lenovo\.jdks\temurin-24
PATH=C:\Users\lenovo\.jdks\temurin-24\bin;C:\Users\lenovo\.trae\tools\maven\latest\bin;C:\Users\lenovo\.trae\tools\gradle\latest\bin;C:\Windows\system32;C:\Windows;C:\Windows\System32\Wbem;C:\Windows\System32\WindowsPowerShell\v1.0\;C:\Windows\System32\OpenSSH\;C:\Program Files\Git\cmd;C:\Program Files\Git\bin;C:\Users\lenovo\AppData\Local\Programs\Python\Python313\Scripts\;C:\Users\lenovo\AppData\Local\Programs\Python\Python313\;C:\Users\lenovo\AppData\Local\Programs\Python\Launcher\;C:\Users\lenovo\AppData\Local\Microsoft\WindowsApps;D:\Program Files\JetBrains\PyCharm 2025.2\bin;d:\Program Files\Trae\resources\app\bin\lib
USERNAME=lenovo
OS=Windows_NT
PROCESSOR_IDENTIFIER=Intel64 Family 6 Model 186 Stepping 2, GenuineIntel
TMP=C:\Users\lenovo\AppData\Local\Temp
TEMP=C:\Users\lenovo\AppData\Local\Temp




Periodic native trim disabled

---------------  S Y S T E M  ---------------

OS:
 Windows 11 , 64 bit Build 26100 (10.0.26100.4484)
OS uptime: 4 days 17:13 hours
Hyper-V role detected

CPU: total 12 (initial active 12) (6 cores per cpu, 2 threads per core) family 6 model 186 stepping 2 microcode 0x4121, cx8, cmov, fxsr, ht, mmx, 3dnowpref, sse, sse2, sse3, ssse3, sse4.1, sse4.2, popcnt, lzcnt, tsc, tscinvbit, avx, avx2, aes, erms, clmul, bmi1, bmi2, adx, sha, fma, vzeroupper, clflush, clflushopt, clwb, hv, serialize, rdtscp, rdpid, fsrm, f16c, cet_ibt, cet_ss
Processor Information for processor 0
  Max Mhz: 2100, Current Mhz: 2100, Mhz Limit: 2100
Processor Information for processor 1
  Max Mhz: 2100, Current Mhz: 2100, Mhz Limit: 2100
Processor Information for processor 2
  Max Mhz: 2100, Current Mhz: 2100, Mhz Limit: 2100
Processor Information for processor 3
  Max Mhz: 2100, Current Mhz: 2100, Mhz Limit: 2100
Processor Information for processor 4
  Max Mhz: 2100, Current Mhz: 2100, Mhz Limit: 2100
Processor Information for processor 5
  Max Mhz: 2100, Current Mhz: 2100, Mhz Limit: 2100
Processor Information for processor 6
  Max Mhz: 2100, Current Mhz: 2100, Mhz Limit: 2100
Processor Information for processor 7
  Max Mhz: 2100, Current Mhz: 2100, Mhz Limit: 2100
Processor Information for processor 8
  Max Mhz: 2100, Current Mhz: 1540, Mhz Limit: 2100
Processor Information for processor 9
  Max Mhz: 2100, Current Mhz: 1540, Mhz Limit: 2100
Processor Information for processor 10
  Max Mhz: 2100, Current Mhz: 2100, Mhz Limit: 2100
Processor Information for processor 11
  Max Mhz: 2100, Current Mhz: 2100, Mhz Limit: 2100

Memory: 4k page, system-wide physical 16044M (774M free)
TotalPageFile size 54444M (AvailPageFile size 50M)
current process WorkingSet (physical memory assigned to process): 350M, peak: 367M
current process commit charge ("private bytes"): 389M, peak: 445M

vm_info: OpenJDK 64-Bit Server VM (21.0.8+9-LTS) for windows-amd64 JRE (21.0.8+9-LTS), built on 2025-07-15T00:00:00Z by "admin" with MS VC++ 17.7 (VS2022)

END.
